{"meta": {"format": 3, "version": "7.13.4", "timestamp": "2026-03-07T16:25:27.166706", "branch_coverage": false, "show_contexts": false}, "files": {"src/drcutils/__init__.py": {"executed_lines": [3, 4, 5, 6, 7, 9, 11], "summary": {"covered_lines": 7, "num_statements": 7, "percent_covered": 100.0, "percent_covered_display": "100", "missing_lines": 0, "excluded_lines": 0, "percent_statements_covered": 100.0, "percent_statements_covered_display": "100"}, "missing_lines": [], "excluded_lines": [], "functions": {"": {"executed_lines": [3, 4, 5, 6, 7, 9, 11], "summary": {"covered_lines": 7, "num_statements": 7, "percent_covered": 100.0, "percent_covered_display": "100", "missing_lines": 0, "excluded_lines": 0, "percent_statements_covered": 100.0, "percent_statements_covered_display": "100"}, "missing_lines": [], "excluded_lines": [], "start_line": 1}}, "classes": {"": {"executed_lines": [3, 4, 5, 6, 7, 9, 11], "summary": {"covered_lines": 7, "num_statements": 7, "percent_covered": 100.0, "percent_covered_display": "100", "missing_lines": 0, "excluded_lines": 0, "percent_statements_covered": 100.0, "percent_statements_covered_display": "100"}, "missing_lines": [], "excluded_lines": [], "start_line": 1}}}, "src/drcutils/brand/__init__.py": {"executed_lines": [3, 5, 6, 7, 8, 9, 11, 12, 13, 15, 16, 17, 19, 20, 21, 22, 23, 24, 27, 30, 39, 40, 41, 42, 44, 45, 46, 48, 74, 79, 80, 90, 92, 94, 96, 98, 100, 102, 104, 107, 108, 111, 112, 113, 114, 115, 118, 125, 126, 127, 128, 130, 131, 133, 134, 136, 137, 138, 139, 140, 141, 142, 145, 148, 150, 151, 154, 157, 159, 162, 164, 165, 168, 171, 173, 174, 177, 178, 181, 184, 186, 192, 193, 194, 195, 196, 200, 201, 202, 203, 204, 205, 206, 208, 210, 211, 213, 214, 215, 216, 217, 219, 220, 222, 225, 228, 229, 230, 232, 233, 234, 236, 237, 238, 239, 241, 242, 243, 244, 245, 246, 247, 252, 255, 261, 262, 264, 266, 270, 271, 272, 273, 280, 287, 288, 289, 290, 291, 294, 295, 296, 298, 303, 306, 311, 312, 314, 315, 316, 318, 319, 321, 322, 328, 339, 340, 341, 343, 344, 346, 347, 349, 350, 351, 353, 354, 357, 358, 370, 371, 373, 375, 376, 377, 379, 380, 382, 384, 385, 388, 389, 391, 394], "summary": {"covered_lines": 183, "num_statements": 208, "percent_covered": 87.98076923076923, "percent_covered_display": "88", "missing_lines": 25, "excluded_lines": 0, "percent_statements_covered": 87.98076923076923, "percent_statements_covered_display": "88"}, "missing_lines": [152, 153, 166, 167, 175, 179, 180, 248, 249, 250, 265, 267, 268, 269, 275, 276, 277, 292, 297, 324, 325, 365, 366, 368, 390], "excluded_lines": [], "functions": {"_normalize_key": {"executed_lines": [108], "summary": {"covered_lines": 1, "num_statements": 1, "percent_covered": 100.0, "percent_covered_display": "100", "missing_lines": 0, "excluded_lines": 0, "percent_statements_covered": 100.0, "percent_statements_covered_display": "100"}, "missing_lines": [], "excluded_lines": [], "start_line": 107}, "_normalize_color_key": {"executed_lines": [112, 113, 114, 115], "summary": {"covered_lines": 4, "num_statements": 4, "percent_covered": 100.0, "percent_covered_display": "100", "missing_lines": 0, "excluded_lines": 0, "percent_statements_covered": 100.0, "percent_statements_covered_display": "100"}, "missing_lines": [], "excluded_lines": [], "start_line": 111}, "get_logo_path": {"executed_lines": [125, 126, 127, 128, 130, 131, 133, 134, 136, 137, 138, 139, 140, 141, 142, 145], "summary": {"covered_lines": 16, "num_statements": 16, "percent_covered": 100.0, "percent_covered_display": "100", "missing_lines": 0, "excluded_lines": 0, "percent_statements_covered": 100.0, "percent_statements_covered_display": "100"}, "missing_lines": [], "excluded_lines": [], "start_line": 118}, "get_pattern_path": {"executed_lines": [150, 151, 154], "summary": {"covered_lines": 3, "num_statements": 5, "percent_covered": 60.0, "percent_covered_display": "60", "missing_lines": 2, "excluded_lines": 0, "percent_statements_covered": 60.0, "percent_statements_covered_display": "60"}, "missing_lines": [152, 153], "excluded_lines": [], "start_line": 148}, "get_gradient_paths": {"executed_lines": [159], "summary": {"covered_lines": 1, "num_statements": 1, "percent_covered": 100.0, "percent_covered_display": "100", "missing_lines": 0, "excluded_lines": 0, "percent_statements_covered": 100.0, "percent_statements_covered_display": "100"}, "missing_lines": [], "excluded_lines": [], "start_line": 157}, "get_circle_graphic_path": {"executed_lines": [164, 165, 168], "summary": {"covered_lines": 3, "num_statements": 5, "percent_covered": 60.0, "percent_covered_display": "60", "missing_lines": 2, "excluded_lines": 0, "percent_statements_covered": 60.0, "percent_statements_covered_display": "60"}, "missing_lines": [166, 167], "excluded_lines": [], "start_line": 162}, "get_scribble_path": {"executed_lines": [173, 174, 177, 178, 181], "summary": {"covered_lines": 5, "num_statements": 8, "percent_covered": 62.5, "percent_covered_display": "62", "missing_lines": 3, "excluded_lines": 0, "percent_statements_covered": 62.5, "percent_statements_covered_display": "62"}, "missing_lines": [175, 179, 180], "excluded_lines": [], "start_line": 171}, "get_matplotlib_font_fallbacks": {"executed_lines": [186], "summary": {"covered_lines": 1, "num_statements": 1, "percent_covered": 100.0, "percent_covered_display": "100", "missing_lines": 0, "excluded_lines": 0, "percent_statements_covered": 100.0, "percent_statements_covered_display": "100"}, "missing_lines": [], "excluded_lines": [], "start_line": 184}, "_parse_flag_size": {"executed_lines": [193, 194, 195, 196, 200, 201, 202, 203, 204, 205, 206, 208, 210, 211, 213, 214, 215, 216, 217, 219, 220, 222], "summary": {"covered_lines": 22, "num_statements": 22, "percent_covered": 100.0, "percent_covered_display": "100", "missing_lines": 0, "excluded_lines": 0, "percent_statements_covered": 100.0, "percent_statements_covered_display": "100"}, "missing_lines": [], "excluded_lines": [], "start_line": 192}, "_parse_watermark_box": {"executed_lines": [228, 229, 230, 232, 233, 234, 236, 237, 238, 239, 241, 242, 243, 244, 245, 246, 247, 252], "summary": {"covered_lines": 18, "num_statements": 21, "percent_covered": 85.71428571428571, "percent_covered_display": "86", "missing_lines": 3, "excluded_lines": 0, "percent_statements_covered": 85.71428571428571, "percent_statements_covered_display": "86"}, "missing_lines": [248, 249, 250], "excluded_lines": [], "start_line": 225}, "_resize_logo": {"executed_lines": [261, 262, 264, 266, 270, 271, 272, 273], "summary": {"covered_lines": 8, "num_statements": 15, "percent_covered": 53.333333333333336, "percent_covered_display": "53", "missing_lines": 7, "excluded_lines": 0, "percent_statements_covered": 53.333333333333336, "percent_statements_covered_display": "53"}, "missing_lines": [265, 267, 268, 269, 275, 276, 277], "excluded_lines": [], "start_line": 255}, "_is_dark_region": {"executed_lines": [287, 288, 289, 290, 291, 294, 295, 296, 298, 303], "summary": {"covered_lines": 10, "num_statements": 12, "percent_covered": 83.33333333333333, "percent_covered_display": "83", "missing_lines": 2, "excluded_lines": 0, "percent_statements_covered": 83.33333333333333, "percent_statements_covered_display": "83"}, "missing_lines": [292, 297], "excluded_lines": [], "start_line": 280}, "flag": {"executed_lines": [311, 312, 314, 315, 316, 318, 319, 321, 322], "summary": {"covered_lines": 9, "num_statements": 11, "percent_covered": 81.81818181818181, "percent_covered_display": "82", "missing_lines": 2, "excluded_lines": 0, "percent_statements_covered": 81.81818181818181, "percent_statements_covered_display": "82"}, "missing_lines": [324, 325], "excluded_lines": [], "start_line": 306}, "watermark": {"executed_lines": [339, 340, 341, 343, 344, 346, 347, 349, 350, 351, 353, 354, 357, 358, 370, 371, 373, 375, 376, 377, 379, 380, 382, 384, 385], "summary": {"covered_lines": 25, "num_statements": 28, "percent_covered": 89.28571428571429, "percent_covered_display": "89", "missing_lines": 3, "excluded_lines": 0, "percent_statements_covered": 89.28571428571429, "percent_statements_covered_display": "89"}, "missing_lines": [365, 366, 368], "excluded_lines": [], "start_line": 328}, "__getattr__": {"executed_lines": [389, 391], "summary": {"covered_lines": 2, "num_statements": 3, "percent_covered": 66.66666666666667, "percent_covered_display": "67", "missing_lines": 1, "excluded_lines": 0, "percent_statements_covered": 66.66666666666667, "percent_statements_covered_display": "67"}, "missing_lines": [390], "excluded_lines": [], "start_line": 388}, "": {"executed_lines": [3, 5, 6, 7, 8, 9, 11, 12, 13, 15, 16, 17, 19, 20, 21, 22, 23, 24, 27, 30, 39, 40, 41, 42, 44, 45, 46, 48, 74, 79, 80, 90, 92, 94, 96, 98, 100, 102, 104, 107, 111, 118, 148, 157, 162, 171, 184, 192, 225, 255, 280, 306, 328, 388, 394], "summary": {"covered_lines": 55, "num_statements": 55, "percent_covered": 100.0, "percent_covered_display": "100", "missing_lines": 0, "excluded_lines": 0, "percent_statements_covered": 100.0, "percent_statements_covered_display": "100"}, "missing_lines": [], "excluded_lines": [], "start_line": 1}}, "classes": {"": {"executed_lines": [3, 5, 6, 7, 8, 9, 11, 12, 13, 15, 16, 17, 19, 20, 21, 22, 23, 24, 27, 30, 39, 40, 41, 42, 44, 45, 46, 48, 74, 79, 80, 90, 92, 94, 96, 98, 100, 102, 104, 107, 108, 111, 112, 113, 114, 115, 118, 125, 126, 127, 128, 130, 131, 133, 134, 136, 137, 138, 139, 140, 141, 142, 145, 148, 150, 151, 154, 157, 159, 162, 164, 165, 168, 171, 173, 174, 177, 178, 181, 184, 186, 192, 193, 194, 195, 196, 200, 201, 202, 203, 204, 205, 206, 208, 210, 211, 213, 214, 215, 216, 217, 219, 220, 222, 225, 228, 229, 230, 232, 233, 234, 236, 237, 238, 239, 241, 242, 243, 244, 245, 246, 247, 252, 255, 261, 262, 264, 266, 270, 271, 272, 273, 280, 287, 288, 289, 290, 291, 294, 295, 296, 298, 303, 306, 311, 312, 314, 315, 316, 318, 319, 321, 322, 328, 339, 340, 341, 343, 344, 346, 347, 349, 350, 351, 353, 354, 357, 358, 370, 371, 373, 375, 376, 377, 379, 380, 382, 384, 385, 388, 389, 391, 394], "summary": {"covered_lines": 183, "num_statements": 208, "percent_covered": 87.98076923076923, "percent_covered_display": "88", "missing_lines": 25, "excluded_lines": 0, "percent_statements_covered": 87.98076923076923, "percent_statements_covered_display": "88"}, "missing_lines": [152, 153, 166, 167, 175, 179, 180, 248, 249, 250, 265, 267, 268, 269, 275, 276, 277, 292, 297, 324, 325, 365, 366, 368, 390], "excluded_lines": [], "start_line": 1}}}, "src/drcutils/brand/colormaps.py": {"executed_lines": [3, 5, 6, 8, 10, 12, 15, 17, 18, 21, 25, 34, 35, 36, 39, 47, 48, 51, 59, 60, 63, 71, 72, 75, 82, 83, 85], "summary": {"covered_lines": 27, "num_statements": 27, "percent_covered": 100.0, "percent_covered_display": "100", "missing_lines": 0, "excluded_lines": 0, "percent_statements_covered": 100.0, "percent_statements_covered_display": "100"}, "missing_lines": [], "excluded_lines": [], "functions": {"_make_segment_data": {"executed_lines": [25], "summary": {"covered_lines": 1, "num_statements": 1, "percent_covered": 100.0, "percent_covered_display": "100", "missing_lines": 0, "excluded_lines": 0, "percent_statements_covered": 100.0, "percent_statements_covered_display": "100"}, "missing_lines": [], "excluded_lines": [], "start_line": 21}, "": {"executed_lines": [3, 5, 6, 8, 10, 12, 15, 17, 18, 21, 34, 35, 36, 39, 47, 48, 51, 59, 60, 63, 71, 72, 75, 82, 83, 85], "summary": {"covered_lines": 26, "num_statements": 26, "percent_covered": 100.0, "percent_covered_display": "100", "missing_lines": 0, "excluded_lines": 0, "percent_statements_covered": 100.0, "percent_statements_covered_display": "100"}, "missing_lines": [], "excluded_lines": [], "start_line": 1}}, "classes": {"": {"executed_lines": [3, 5, 6, 8, 10, 12, 15, 17, 18, 21, 25, 34, 35, 36, 39, 47, 48, 51, 59, 60, 63, 71, 72, 75, 82, 83, 85], "summary": {"covered_lines": 27, "num_statements": 27, "percent_covered": 100.0, "percent_covered_display": "100", "missing_lines": 0, "excluded_lines": 0, "percent_statements_covered": 100.0, "percent_statements_covered_display": "100"}, "missing_lines": [], "excluded_lines": [], "start_line": 1}}}, "src/drcutils/cli/__init__.py": {"executed_lines": [], "summary": {"covered_lines": 0, "num_statements": 0, "percent_covered": 100.0, "percent_covered_display": "100", "missing_lines": 0, "excluded_lines": 0, "percent_statements_covered": 100.0, "percent_statements_covered_display": "100"}, "missing_lines": [], "excluded_lines": [], "functions": {"": {"executed_lines": [], "summary": {"covered_lines": 0, "num_statements": 0, "percent_covered": 100.0, "percent_covered_display": "100", "missing_lines": 0, "excluded_lines": 0, "percent_statements_covered": 100.0, "percent_statements_covered_display": "100"}, "missing_lines": [], "excluded_lines": [], "start_line": 1}}, "classes": {"": {"executed_lines": [], "summary": {"covered_lines": 0, "num_statements": 0, "percent_covered": 100.0, "percent_covered_display": "100", "missing_lines": 0, "excluded_lines": 0, "percent_statements_covered": 100.0, "percent_statements_covered_display": "100"}, "missing_lines": [], "excluded_lines": [], "start_line": 1}}}, "src/drcutils/cli/_common.py": {"executed_lines": [3, 5, 6, 7, 8, 9, 11, 13, 16, 18, 25, 27, 28, 29, 30, 33, 35, 36, 37, 38, 41, 43, 44, 45, 46, 49, 51, 52, 53, 54, 55, 56, 57, 58, 61, 63, 64, 65, 66, 69, 71, 72, 73, 74, 77, 79, 80, 81, 82, 83, 84, 85, 88, 90, 91, 92, 93, 94, 97, 99, 100, 101, 102, 103, 104, 105, 106, 109, 111, 112, 113, 114, 117, 119, 122, 124, 125, 128, 130, 131], "summary": {"covered_lines": 80, "num_statements": 80, "percent_covered": 100.0, "percent_covered_display": "100", "missing_lines": 0, "excluded_lines": 0, "percent_statements_covered": 100.0, "percent_statements_covered_display": "100"}, "missing_lines": [], "excluded_lines": [], "functions": {"build_parser": {"executed_lines": [18], "summary": {"covered_lines": 1, "num_statements": 1, "percent_covered": 100.0, "percent_covered_display": "100", "missing_lines": 0, "excluded_lines": 0, "percent_statements_covered": 100.0, "percent_statements_covered_display": "100"}, "missing_lines": [], "excluded_lines": [], "start_line": 16}, "parse_json_argument": {"executed_lines": [27, 28, 29, 30], "summary": {"covered_lines": 4, "num_statements": 4, "percent_covered": 100.0, "percent_covered_display": "100", "missing_lines": 0, "excluded_lines": 0, "percent_statements_covered": 100.0, "percent_statements_covered_display": "100"}, "missing_lines": [], "excluded_lines": [], "start_line": 25}, "parse_json_object": {"executed_lines": [35, 36, 37, 38], "summary": {"covered_lines": 4, "num_statements": 4, "percent_covered": 100.0, "percent_covered_display": "100", "missing_lines": 0, "excluded_lines": 0, "percent_statements_covered": 100.0, "percent_statements_covered_display": "100"}, "missing_lines": [], "excluded_lines": [], "start_line": 33}, "parse_json_list": {"executed_lines": [43, 44, 45, 46], "summary": {"covered_lines": 4, "num_statements": 4, "percent_covered": 100.0, "percent_covered_display": "100", "missing_lines": 0, "excluded_lines": 0, "percent_statements_covered": 100.0, "percent_statements_covered_display": "100"}, "missing_lines": [], "excluded_lines": [], "start_line": 41}, "read_json_file": {"executed_lines": [51, 52, 53, 54, 55, 56, 57, 58], "summary": {"covered_lines": 8, "num_statements": 8, "percent_covered": 100.0, "percent_covered_display": "100", "missing_lines": 0, "excluded_lines": 0, "percent_statements_covered": 100.0, "percent_statements_covered_display": "100"}, "missing_lines": [], "excluded_lines": [], "start_line": 49}, "ensure_parent_dir": {"executed_lines": [63, 64, 65, 66], "summary": {"covered_lines": 4, "num_statements": 4, "percent_covered": 100.0, "percent_covered_display": "100", "missing_lines": 0, "excluded_lines": 0, "percent_statements_covered": 100.0, "percent_statements_covered_display": "100"}, "missing_lines": [], "excluded_lines": [], "start_line": 61}, "ensure_directory": {"executed_lines": [71, 72, 73, 74], "summary": {"covered_lines": 4, "num_statements": 4, "percent_covered": 100.0, "percent_covered_display": "100", "missing_lines": 0, "excluded_lines": 0, "percent_statements_covered": 100.0, "percent_statements_covered_display": "100"}, "missing_lines": [], "excluded_lines": [], "start_line": 69}, "write_json_file": {"executed_lines": [79, 80, 81, 82, 83, 84, 85], "summary": {"covered_lines": 7, "num_statements": 7, "percent_covered": 100.0, "percent_covered_display": "100", "missing_lines": 0, "excluded_lines": 0, "percent_statements_covered": 100.0, "percent_statements_covered_display": "100"}, "missing_lines": [], "excluded_lines": [], "start_line": 77}, "write_csv_file": {"executed_lines": [90, 91, 92, 93, 94], "summary": {"covered_lines": 5, "num_statements": 5, "percent_covered": 100.0, "percent_covered_display": "100", "missing_lines": 0, "excluded_lines": 0, "percent_statements_covered": 100.0, "percent_statements_covered_display": "100"}, "missing_lines": [], "excluded_lines": [], "start_line": 88}, "read_csv": {"executed_lines": [99, 100, 101, 102, 103, 104, 105, 106], "summary": {"covered_lines": 8, "num_statements": 8, "percent_covered": 100.0, "percent_covered_display": "100", "missing_lines": 0, "excluded_lines": 0, "percent_statements_covered": 100.0, "percent_statements_covered_display": "100"}, "missing_lines": [], "excluded_lines": [], "start_line": 97}, "parse_comma_list": {"executed_lines": [111, 112, 113, 114], "summary": {"covered_lines": 4, "num_statements": 4, "percent_covered": 100.0, "percent_covered_display": "100", "missing_lines": 0, "excluded_lines": 0, "percent_statements_covered": 100.0, "percent_statements_covered_display": "100"}, "missing_lines": [], "excluded_lines": [], "start_line": 109}, "print_json": {"executed_lines": [119], "summary": {"covered_lines": 1, "num_statements": 1, "percent_covered": 100.0, "percent_covered_display": "100", "missing_lines": 0, "excluded_lines": 0, "percent_statements_covered": 100.0, "percent_statements_covered_display": "100"}, "missing_lines": [], "excluded_lines": [], "start_line": 117}, "print_error": {"executed_lines": [124, 125], "summary": {"covered_lines": 2, "num_statements": 2, "percent_covered": 100.0, "percent_covered_display": "100", "missing_lines": 0, "excluded_lines": 0, "percent_statements_covered": 100.0, "percent_statements_covered_display": "100"}, "missing_lines": [], "excluded_lines": [], "start_line": 122}, "print_warnings": {"executed_lines": [130, 131], "summary": {"covered_lines": 2, "num_statements": 2, "percent_covered": 100.0, "percent_covered_display": "100", "missing_lines": 0, "excluded_lines": 0, "percent_statements_covered": 100.0, "percent_statements_covered_display": "100"}, "missing_lines": [], "excluded_lines": [], "start_line": 128}, "": {"executed_lines": [3, 5, 6, 7, 8, 9, 11, 13, 16, 25, 33, 41, 49, 61, 69, 77, 88, 97, 109, 117, 122, 128], "summary": {"covered_lines": 22, "num_statements": 22, "percent_covered": 100.0, "percent_covered_display": "100", "missing_lines": 0, "excluded_lines": 0, "percent_statements_covered": 100.0, "percent_statements_covered_display": "100"}, "missing_lines": [], "excluded_lines": [], "start_line": 1}}, "classes": {"": {"executed_lines": [3, 5, 6, 7, 8, 9, 11, 13, 16, 18, 25, 27, 28, 29, 30, 33, 35, 36, 37, 38, 41, 43, 44, 45, 46, 49, 51, 52, 53, 54, 55, 56, 57, 58, 61, 63, 64, 65, 66, 69, 71, 72, 73, 74, 77, 79, 80, 81, 82, 83, 84, 85, 88, 90, 91, 92, 93, 94, 97, 99, 100, 101, 102, 103, 104, 105, 106, 109, 111, 112, 113, 114, 117, 119, 122, 124, 125, 128, 130, 131], "summary": {"covered_lines": 80, "num_statements": 80, "percent_covered": 100.0, "percent_covered_display": "100", "missing_lines": 0, "excluded_lines": 0, "percent_statements_covered": 100.0, "percent_statements_covered_display": "100"}, "missing_lines": [], "excluded_lines": [], "start_line": 1}}}, "src/drcutils/data/__init__.py": {"executed_lines": [3, 5], "summary": {"covered_lines": 2, "num_statements": 2, "percent_covered": 100.0, "percent_covered_display": "100", "missing_lines": 0, "excluded_lines": 0, "percent_statements_covered": 100.0, "percent_statements_covered_display": "100"}, "missing_lines": [], "excluded_lines": [], "functions": {"": {"executed_lines": [3, 5], "summary": {"covered_lines": 2, "num_statements": 2, "percent_covered": 100.0, "percent_covered_display": "100", "missing_lines": 0, "excluded_lines": 0, "percent_statements_covered": 100.0, "percent_statements_covered_display": "100"}, "missing_lines": [], "excluded_lines": [], "start_line": 1}}, "classes": {"": {"executed_lines": [3, 5], "summary": {"covered_lines": 2, "num_statements": 2, "percent_covered": 100.0, "percent_covered_display": "100", "missing_lines": 0, "excluded_lines": 0, "percent_statements_covered": 100.0, "percent_statements_covered_display": "100"}, "missing_lines": [], "excluded_lines": [], "start_line": 1}}}, "src/drcutils/data/convert.py": {"executed_lines": [3, 5, 6, 7, 9, 10, 11, 14, 15, 38, 57, 60, 62, 63, 64, 65, 66, 67, 69, 72, 89, 90, 92, 93, 94, 96, 97, 98, 102, 103, 104, 108, 109, 113], "summary": {"covered_lines": 34, "num_statements": 35, "percent_covered": 97.14285714285714, "percent_covered_display": "97", "missing_lines": 1, "excluded_lines": 0, "percent_statements_covered": 97.14285714285714, "percent_statements_covered_display": "97"}, "missing_lines": [68], "excluded_lines": [], "functions": {"_get_data_extensions": {"executed_lines": [15, 38, 57], "summary": {"covered_lines": 3, "num_statements": 3, "percent_covered": 100.0, "percent_covered_display": "100", "missing_lines": 0, "excluded_lines": 0, "percent_statements_covered": 100.0, "percent_statements_covered_display": "100"}, "missing_lines": [], "excluded_lines": [], "start_line": 14}, "_convertible": {"executed_lines": [62, 63, 64, 65, 66, 67, 69], "summary": {"covered_lines": 7, "num_statements": 8, "percent_covered": 87.5, "percent_covered_display": "88", "missing_lines": 1, "excluded_lines": 0, "percent_statements_covered": 87.5, "percent_statements_covered_display": "88"}, "missing_lines": [68], "excluded_lines": [], "start_line": 60}, "convert": {"executed_lines": [89, 90, 92, 93, 94, 96, 97, 98, 102, 103, 104, 108, 109, 113], "summary": {"covered_lines": 14, "num_statements": 14, "percent_covered": 100.0, "percent_covered_display": "100", "missing_lines": 0, "excluded_lines": 0, "percent_statements_covered": 100.0, "percent_statements_covered_display": "100"}, "missing_lines": [], "excluded_lines": [], "start_line": 72}, "": {"executed_lines": [3, 5, 6, 7, 9, 10, 11, 14, 60, 72], "summary": {"covered_lines": 10, "num_statements": 10, "percent_covered": 100.0, "percent_covered_display": "100", "missing_lines": 0, "excluded_lines": 0, "percent_statements_covered": 100.0, "percent_statements_covered_display": "100"}, "missing_lines": [], "excluded_lines": [], "start_line": 1}}, "classes": {"": {"executed_lines": [3, 5, 6, 7, 9, 10, 11, 14, 15, 38, 57, 60, 62, 63, 64, 65, 66, 67, 69, 72, 89, 90, 92, 93, 94, 96, 97, 98, 102, 103, 104, 108, 109, 113], "summary": {"covered_lines": 34, "num_statements": 35, "percent_covered": 97.14285714285714, "percent_covered_display": "97", "missing_lines": 1, "excluded_lines": 0, "percent_statements_covered": 97.14285714285714, "percent_statements_covered_display": "97"}, "missing_lines": [68], "excluded_lines": [], "start_line": 1}}}, "src/drcutils/runtime/__init__.py": {"executed_lines": [3, 5], "summary": {"covered_lines": 2, "num_statements": 2, "percent_covered": 100.0, "percent_covered_display": "100", "missing_lines": 0, "excluded_lines": 0, "percent_statements_covered": 100.0, "percent_statements_covered_display": "100"}, "missing_lines": [], "excluded_lines": [], "functions": {"": {"executed_lines": [3, 5], "summary": {"covered_lines": 2, "num_statements": 2, "percent_covered": 100.0, "percent_covered_display": "100", "missing_lines": 0, "excluded_lines": 0, "percent_statements_covered": 100.0, "percent_statements_covered_display": "100"}, "missing_lines": [], "excluded_lines": [], "start_line": 1}}, "classes": {"": {"executed_lines": [3, 5], "summary": {"covered_lines": 2, "num_statements": 2, "percent_covered": 100.0, "percent_covered_display": "100", "missing_lines": 0, "excluded_lines": 0, "percent_statements_covered": 100.0, "percent_statements_covered_display": "100"}, "missing_lines": [], "excluded_lines": [], "start_line": 1}}}, "src/drcutils/runtime/env.py": {"executed_lines": [3, 5, 8, 14, 17, 23, 24, 26, 27, 28, 29, 30, 31, 33, 34, 35], "summary": {"covered_lines": 16, "num_statements": 16, "percent_covered": 100.0, "percent_covered_display": "100", "missing_lines": 0, "excluded_lines": 0, "percent_statements_covered": 100.0, "percent_statements_covered_display": "100"}, "missing_lines": [], "excluded_lines": [], "functions": {"is_google_colab": {"executed_lines": [14], "summary": {"covered_lines": 1, "num_statements": 1, "percent_covered": 100.0, "percent_covered_display": "100", "missing_lines": 0, "excluded_lines": 0, "percent_statements_covered": 100.0, "percent_statements_covered_display": "100"}, "missing_lines": [], "excluded_lines": [], "start_line": 8}, "is_notebook": {"executed_lines": [23, 24, 26, 27, 28, 29, 30, 31, 33, 34, 35], "summary": {"covered_lines": 11, "num_statements": 11, "percent_covered": 100.0, "percent_covered_display": "100", "missing_lines": 0, "excluded_lines": 0, "percent_statements_covered": 100.0, "percent_statements_covered_display": "100"}, "missing_lines": [], "excluded_lines": [], "start_line": 17}, "": {"executed_lines": [3, 5, 8, 17], "summary": {"covered_lines": 4, "num_statements": 4, "percent_covered": 100.0, "percent_covered_display": "100", "missing_lines": 0, "excluded_lines": 0, "percent_statements_covered": 100.0, "percent_statements_covered_display": "100"}, "missing_lines": [], "excluded_lines": [], "start_line": 1}}, "classes": {"": {"executed_lines": [3, 5, 8, 14, 17, 23, 24, 26, 27, 28, 29, 30, 31, 33, 34, 35], "summary": {"covered_lines": 16, "num_statements": 16, "percent_covered": 100.0, "percent_covered_display": "100", "missing_lines": 0, "excluded_lines": 0, "percent_statements_covered": 100.0, "percent_statements_covered_display": "100"}, "missing_lines": [], "excluded_lines": [], "start_line": 1}}}, "src/drcutils/viz/__init__.py": {"executed_lines": [3, 4, 5, 7], "summary": {"covered_lines": 4, "num_statements": 4, "percent_covered": 100.0, "percent_covered_display": "100", "missing_lines": 0, "excluded_lines": 0, "percent_statements_covered": 100.0, "percent_statements_covered_display": "100"}, "missing_lines": [], "excluded_lines": [], "functions": {"": {"executed_lines": [3, 4, 5, 7], "summary": {"covered_lines": 4, "num_statements": 4, "percent_covered": 100.0, "percent_covered_display": "100", "missing_lines": 0, "excluded_lines": 0, "percent_statements_covered": 100.0, "percent_statements_covered_display": "100"}, "missing_lines": [], "excluded_lines": [], "start_line": 1}}, "classes": {"": {"executed_lines": [3, 4, 5, 7], "summary": {"covered_lines": 4, "num_statements": 4, "percent_covered": 100.0, "percent_covered_display": "100", "missing_lines": 0, "excluded_lines": 0, "percent_statements_covered": 100.0, "percent_statements_covered_display": "100"}, "missing_lines": [], "excluded_lines": [], "start_line": 1}}}, "src/drcutils/viz/cad.py": {"executed_lines": [3, 5, 7, 8, 11, 24, 25, 26, 27, 28, 29, 33, 34, 35, 36, 37, 38, 39, 40, 42, 54, 60, 61, 71], "summary": {"covered_lines": 24, "num_statements": 24, "percent_covered": 100.0, "percent_covered_display": "100", "missing_lines": 0, "excluded_lines": 0, "percent_statements_covered": 100.0, "percent_statements_covered_display": "100"}, "missing_lines": [], "excluded_lines": [], "functions": {"visualize_stl": {"executed_lines": [24, 25, 26, 27, 28, 29, 33, 34, 35, 36, 37, 38, 39, 40, 42, 54, 60, 61, 71], "summary": {"covered_lines": 19, "num_statements": 19, "percent_covered": 100.0, "percent_covered_display": "100", "missing_lines": 0, "excluded_lines": 0, "percent_statements_covered": 100.0, "percent_statements_covered_display": "100"}, "missing_lines": [], "excluded_lines": [], "start_line": 11}, "": {"executed_lines": [3, 5, 7, 8, 11], "summary": {"covered_lines": 5, "num_statements": 5, "percent_covered": 100.0, "percent_covered_display": "100", "missing_lines": 0, "excluded_lines": 0, "percent_statements_covered": 100.0, "percent_statements_covered_display": "100"}, "missing_lines": [], "excluded_lines": [], "start_line": 1}}, "classes": {"": {"executed_lines": [3, 5, 7, 8, 11, 24, 25, 26, 27, 28, 29, 33, 34, 35, 36, 37, 38, 39, 40, 42, 54, 60, 61, 71], "summary": {"covered_lines": 24, "num_statements": 24, "percent_covered": 100.0, "percent_covered_display": "100", "missing_lines": 0, "excluded_lines": 0, "percent_statements_covered": 100.0, "percent_statements_covered_display": "100"}, "missing_lines": [], "excluded_lines": [], "start_line": 1}}}, "src/drcutils/viz/ml.py": {"executed_lines": [3, 5, 7, 8, 9, 11, 14, 25, 26, 27, 28, 44, 60], "summary": {"covered_lines": 13, "num_statements": 13, "percent_covered": 100.0, "percent_covered_display": "100", "missing_lines": 0, "excluded_lines": 0, "percent_statements_covered": 100.0, "percent_statements_covered_display": "100"}, "missing_lines": [], "excluded_lines": [], "functions": {"visualize_network": {"executed_lines": [25, 26, 27, 28, 44, 60], "summary": {"covered_lines": 6, "num_statements": 6, "percent_covered": 100.0, "percent_covered_display": "100", "missing_lines": 0, "excluded_lines": 0, "percent_statements_covered": 100.0, "percent_statements_covered_display": "100"}, "missing_lines": [], "excluded_lines": [], "start_line": 14}, "": {"executed_lines": [3, 5, 7, 8, 9, 11, 14], "summary": {"covered_lines": 7, "num_statements": 7, "percent_covered": 100.0, "percent_covered_display": "100", "missing_lines": 0, "excluded_lines": 0, "percent_statements_covered": 100.0, "percent_statements_covered_display": "100"}, "missing_lines": [], "excluded_lines": [], "start_line": 1}}, "classes": {"": {"executed_lines": [3, 5, 7, 8, 9, 11, 14, 25, 26, 27, 28, 44, 60], "summary": {"covered_lines": 13, "num_statements": 13, "percent_covered": 100.0, "percent_covered_display": "100", "missing_lines": 0, "excluded_lines": 0, "percent_statements_covered": 100.0, "percent_statements_covered_display": "100"}, "missing_lines": [], "excluded_lines": [], "start_line": 1}}}, "src/drcutils/viz/paper_figures.py": {"executed_lines": [3, 5, 6, 7, 9, 10, 12, 19, 31, 34, 37, 38, 44, 45, 46, 47, 48, 49, 51, 52, 53, 54, 57, 59, 61, 64, 69, 70, 71, 73, 76, 77, 78, 79, 80, 81, 83, 84, 85, 86, 90, 93, 125, 126, 128, 129, 131, 132, 133, 135, 136, 137, 138, 139, 140, 144, 147, 148, 155, 156, 157, 158, 163, 164, 165, 166, 167, 168, 170], "summary": {"covered_lines": 69, "num_statements": 78, "percent_covered": 88.46153846153847, "percent_covered_display": "88", "missing_lines": 9, "excluded_lines": 0, "percent_statements_covered": 88.46153846153847, "percent_statements_covered_display": "88"}, "missing_lines": [32, 33, 50, 65, 72, 74, 82, 87, 88], "excluded_lines": [], "functions": {"get_figure_preset": {"executed_lines": [31, 34], "summary": {"covered_lines": 2, "num_statements": 4, "percent_covered": 50.0, "percent_covered_display": "50", "missing_lines": 2, "excluded_lines": 0, "percent_statements_covered": 50.0, "percent_statements_covered_display": "50"}, "missing_lines": [32, 33], "excluded_lines": [], "start_line": 19}, "_style_context": {"executed_lines": [44, 45, 46, 47, 48, 49, 51, 52, 53, 54], "summary": {"covered_lines": 10, "num_statements": 11, "percent_covered": 90.9090909090909, "percent_covered_display": "91", "missing_lines": 1, "excluded_lines": 0, "percent_statements_covered": 90.9090909090909, "percent_statements_covered_display": "91"}, "missing_lines": [50], "excluded_lines": [], "start_line": 38}, "_audit_figure": {"executed_lines": [59, 61, 64, 69, 70, 71, 73, 76, 77, 78, 79, 80, 81, 83, 84, 85, 86, 90], "summary": {"covered_lines": 18, "num_statements": 24, "percent_covered": 75.0, "percent_covered_display": "75", "missing_lines": 6, "excluded_lines": 0, "percent_statements_covered": 75.0, "percent_statements_covered_display": "75"}, "missing_lines": [65, 72, 74, 82, 87, 88], "excluded_lines": [], "start_line": 57}, "export_figure": {"executed_lines": [125, 126, 128, 129, 131, 132, 133, 135, 136, 137, 138, 139, 140, 144, 147, 148, 155, 156, 157, 158, 163, 164, 165, 166, 167, 168, 170], "summary": {"covered_lines": 27, "num_statements": 27, "percent_covered": 100.0, "percent_covered_display": "100", "missing_lines": 0, "excluded_lines": 0, "percent_statements_covered": 100.0, "percent_statements_covered_display": "100"}, "missing_lines": [], "excluded_lines": [], "start_line": 93}, "": {"executed_lines": [3, 5, 6, 7, 9, 10, 12, 19, 37, 38, 57, 93], "summary": {"covered_lines": 12, "num_statements": 12, "percent_covered": 100.0, "percent_covered_display": "100", "missing_lines": 0, "excluded_lines": 0, "percent_statements_covered": 100.0, "percent_statements_covered_display": "100"}, "missing_lines": [], "excluded_lines": [], "start_line": 1}}, "classes": {"": {"executed_lines": [3, 5, 6, 7, 9, 10, 12, 19, 31, 34, 37, 38, 44, 45, 46, 47, 48, 49, 51, 52, 53, 54, 57, 59, 61, 64, 69, 70, 71, 73, 76, 77, 78, 79, 80, 81, 83, 84, 85, 86, 90, 93, 125, 126, 128, 129, 131, 132, 133, 135, 136, 137, 138, 139, 140, 144, 147, 148, 155, 156, 157, 158, 163, 164, 165, 166, 167, 168, 170], "summary": {"covered_lines": 69, "num_statements": 78, "percent_covered": 88.46153846153847, "percent_covered_display": "88", "missing_lines": 9, "excluded_lines": 0, "percent_statements_covered": 88.46153846153847, "percent_statements_covered_display": "88"}, "missing_lines": [32, 33, 50, 65, 72, 74, 82, 87, 88], "excluded_lines": [], "start_line": 1}}}}, "totals": {"covered_lines": 461, "num_statements": 496, "percent_covered": 92.94354838709677, "percent_covered_display": "93", "missing_lines": 35, "excluded_lines": 0, "percent_statements_covered": 92.94354838709677, "percent_statements_covered_display": "93"}}