{"meta": {"format": 3, "version": "7.13.4", "timestamp": "2026-02-28T14:13:51.068565", "branch_coverage": false, "show_contexts": false}, "files": {"src/drcutils/__init__.py": {"executed_lines": [3, 4, 5, 6, 7, 14, 22, 24, 26], "summary": {"covered_lines": 9, "num_statements": 9, "percent_covered": 100.0, "percent_covered_display": "100", "missing_lines": 0, "excluded_lines": 0, "percent_statements_covered": 100.0, "percent_statements_covered_display": "100"}, "missing_lines": [], "excluded_lines": [], "functions": {"": {"executed_lines": [3, 4, 5, 6, 7, 14, 22, 24, 26], "summary": {"covered_lines": 9, "num_statements": 9, "percent_covered": 100.0, "percent_covered_display": "100", "missing_lines": 0, "excluded_lines": 0, "percent_statements_covered": 100.0, "percent_statements_covered_display": "100"}, "missing_lines": [], "excluded_lines": [], "start_line": 1}}, "classes": {"": {"executed_lines": [3, 4, 5, 6, 7, 14, 22, 24, 26], "summary": {"covered_lines": 9, "num_statements": 9, "percent_covered": 100.0, "percent_covered_display": "100", "missing_lines": 0, "excluded_lines": 0, "percent_statements_covered": 100.0, "percent_statements_covered_display": "100"}, "missing_lines": [], "excluded_lines": [], "start_line": 1}}}, "src/drcutils/brand/__init__.py": {"executed_lines": [3, 5, 6, 7, 8, 10, 11, 12, 15, 24, 27, 30, 33, 36, 39, 42, 45, 48, 51, 52, 53, 54, 55, 59, 60, 61, 62, 63, 64, 65, 67, 69, 70, 72, 73, 74, 75, 76, 78, 79, 81, 84, 98, 99, 101, 102, 103, 105, 106, 108, 109, 115, 165, 171], "summary": {"covered_lines": 54, "num_statements": 81, "percent_covered": 66.66666666666667, "percent_covered_display": "67", "missing_lines": 27, "excluded_lines": 0, "percent_statements_covered": 66.66666666666667, "percent_statements_covered_display": "67"}, "missing_lines": [111, 112, 122, 124, 125, 127, 128, 129, 131, 133, 134, 135, 136, 137, 138, 139, 140, 146, 147, 154, 158, 159, 161, 162, 166, 167, 168], "excluded_lines": [], "functions": {"_parse_flag_size": {"executed_lines": [52, 53, 54, 55, 59, 60, 61, 62, 63, 64, 65, 67, 69, 70, 72, 73, 74, 75, 76, 78, 79, 81], "summary": {"covered_lines": 22, "num_statements": 22, "percent_covered": 100.0, "percent_covered_display": "100", "missing_lines": 0, "excluded_lines": 0, "percent_statements_covered": 100.0, "percent_statements_covered_display": "100"}, "missing_lines": [], "excluded_lines": [], "start_line": 51}, "flag": {"executed_lines": [98, 99, 101, 102, 103, 105, 106, 108, 109], "summary": {"covered_lines": 9, "num_statements": 11, "percent_covered": 81.81818181818181, "percent_covered_display": "82", "missing_lines": 2, "excluded_lines": 0, "percent_statements_covered": 81.81818181818181, "percent_statements_covered_display": "82"}, "missing_lines": [111, 112], "excluded_lines": [], "start_line": 84}, "watermark": {"executed_lines": [], "summary": {"covered_lines": 0, "num_statements": 22, "percent_covered": 0.0, "percent_covered_display": "0", "missing_lines": 22, "excluded_lines": 0, "percent_statements_covered": 0.0, "percent_statements_covered_display": "0"}, "missing_lines": [122, 124, 125, 127, 128, 129, 131, 133, 134, 135, 136, 137, 138, 139, 140, 146, 147, 154, 158, 159, 161, 162], "excluded_lines": [], "start_line": 115}, "__getattr__": {"executed_lines": [], "summary": {"covered_lines": 0, "num_statements": 3, "percent_covered": 0.0, "percent_covered_display": "0", "missing_lines": 3, "excluded_lines": 0, "percent_statements_covered": 0.0, "percent_statements_covered_display": "0"}, "missing_lines": [166, 167, 168], "excluded_lines": [], "start_line": 165}, "": {"executed_lines": [3, 5, 6, 7, 8, 10, 11, 12, 15, 24, 27, 30, 33, 36, 39, 42, 45, 48, 51, 84, 115, 165, 171], "summary": {"covered_lines": 23, "num_statements": 23, "percent_covered": 100.0, "percent_covered_display": "100", "missing_lines": 0, "excluded_lines": 0, "percent_statements_covered": 100.0, "percent_statements_covered_display": "100"}, "missing_lines": [], "excluded_lines": [], "start_line": 1}}, "classes": {"": {"executed_lines": [3, 5, 6, 7, 8, 10, 11, 12, 15, 24, 27, 30, 33, 36, 39, 42, 45, 48, 51, 52, 53, 54, 55, 59, 60, 61, 62, 63, 64, 65, 67, 69, 70, 72, 73, 74, 75, 76, 78, 79, 81, 84, 98, 99, 101, 102, 103, 105, 106, 108, 109, 115, 165, 171], "summary": {"covered_lines": 54, "num_statements": 81, "percent_covered": 66.66666666666667, "percent_covered_display": "67", "missing_lines": 27, "excluded_lines": 0, "percent_statements_covered": 66.66666666666667, "percent_statements_covered_display": "67"}, "missing_lines": [111, 112, 122, 124, 125, 127, 128, 129, 131, 133, 134, 135, 136, 137, 138, 139, 140, 146, 147, 154, 158, 159, 161, 162, 166, 167, 168], "excluded_lines": [], "start_line": 1}}}, "src/drcutils/brand/colormaps.py": {"executed_lines": [], "summary": {"covered_lines": 0, "num_statements": 21, "percent_covered": 0.0, "percent_covered_display": "0", "missing_lines": 21, "excluded_lines": 0, "percent_statements_covered": 0.0, "percent_statements_covered_display": "0"}, "missing_lines": [3, 5, 7, 8, 11, 12, 20, 23, 24, 27, 36, 37, 40, 49, 50, 53, 62, 63, 66, 73, 74], "excluded_lines": [], "functions": {"_make_segment_data": {"executed_lines": [], "summary": {"covered_lines": 0, "num_statements": 1, "percent_covered": 0.0, "percent_covered_display": "0", "missing_lines": 1, "excluded_lines": 0, "percent_statements_covered": 0.0, "percent_statements_covered_display": "0"}, "missing_lines": [12], "excluded_lines": [], "start_line": 11}, "": {"executed_lines": [], "summary": {"covered_lines": 0, "num_statements": 20, "percent_covered": 0.0, "percent_covered_display": "0", "missing_lines": 20, "excluded_lines": 0, "percent_statements_covered": 0.0, "percent_statements_covered_display": "0"}, "missing_lines": [3, 5, 7, 8, 11, 20, 23, 24, 27, 36, 37, 40, 49, 50, 53, 62, 63, 66, 73, 74], "excluded_lines": [], "start_line": 1}}, "classes": {"": {"executed_lines": [], "summary": {"covered_lines": 0, "num_statements": 21, "percent_covered": 0.0, "percent_covered_display": "0", "missing_lines": 21, "excluded_lines": 0, "percent_statements_covered": 0.0, "percent_statements_covered_display": "0"}, "missing_lines": [3, 5, 7, 8, 11, 12, 20, 23, 24, 27, 36, 37, 40, 49, 50, 53, 62, 63, 66, 73, 74], "excluded_lines": [], "start_line": 1}}}, "src/drcutils/cli/__init__.py": {"executed_lines": [], "summary": {"covered_lines": 0, "num_statements": 0, "percent_covered": 100.0, "percent_covered_display": "100", "missing_lines": 0, "excluded_lines": 0, "percent_statements_covered": 100.0, "percent_statements_covered_display": "100"}, "missing_lines": [], "excluded_lines": [], "functions": {"": {"executed_lines": [], "summary": {"covered_lines": 0, "num_statements": 0, "percent_covered": 100.0, "percent_covered_display": "100", "missing_lines": 0, "excluded_lines": 0, "percent_statements_covered": 100.0, "percent_statements_covered_display": "100"}, "missing_lines": [], "excluded_lines": [], "start_line": 1}}, "classes": {"": {"executed_lines": [], "summary": {"covered_lines": 0, "num_statements": 0, "percent_covered": 100.0, "percent_covered_display": "100", "missing_lines": 0, "excluded_lines": 0, "percent_statements_covered": 100.0, "percent_statements_covered_display": "100"}, "missing_lines": [], "excluded_lines": [], "start_line": 1}}}, "src/drcutils/cli/data_cli.py": {"executed_lines": [3, 5, 6, 7, 8, 9, 11, 13, 16, 17, 18, 19, 20, 23, 24, 25, 30, 31, 32, 34, 35, 36, 41, 43, 46, 47, 48, 50, 51, 52, 53, 55, 56, 57, 58, 59, 60, 62, 63, 64, 65, 67, 70, 72, 73, 75, 76, 78, 79, 83, 84, 87, 89, 90, 91, 92, 93, 94, 95, 98, 99, 106, 107, 108, 109, 110, 111, 114, 115], "summary": {"covered_lines": 69, "num_statements": 83, "percent_covered": 83.13253012048193, "percent_covered_display": "83", "missing_lines": 14, "excluded_lines": 0, "percent_statements_covered": 83.13253012048193, "percent_statements_covered_display": "83"}, "missing_lines": [26, 27, 37, 38, 39, 40, 42, 86, 96, 100, 101, 102, 103, 104], "excluded_lines": [], "functions": {"_write_json": {"executed_lines": [17, 18, 19, 20], "summary": {"covered_lines": 4, "num_statements": 4, "percent_covered": 100.0, "percent_covered_display": "100", "missing_lines": 0, "excluded_lines": 0, "percent_statements_covered": 100.0, "percent_statements_covered_display": "100"}, "missing_lines": [], "excluded_lines": [], "start_line": 16}, "_load_json_argument": {"executed_lines": [24, 25], "summary": {"covered_lines": 2, "num_statements": 4, "percent_covered": 50.0, "percent_covered_display": "50", "missing_lines": 2, "excluded_lines": 0, "percent_statements_covered": 50.0, "percent_statements_covered_display": "50"}, "missing_lines": [26, 27], "excluded_lines": [], "start_line": 23}, "_load_schema": {"executed_lines": [31, 32, 34, 35, 36, 41, 43], "summary": {"covered_lines": 7, "num_statements": 12, "percent_covered": 58.333333333333336, "percent_covered_display": "58", "missing_lines": 5, "excluded_lines": 0, "percent_statements_covered": 58.333333333333336, "percent_statements_covered_display": "58"}, "missing_lines": [37, 38, 39, 40, 42], "excluded_lines": [], "start_line": 30}, "_build_parser": {"executed_lines": [47, 48, 50, 51, 52, 53, 55, 56, 57, 58, 59, 60, 62, 63, 64, 65, 67], "summary": {"covered_lines": 17, "num_statements": 17, "percent_covered": 100.0, "percent_covered_display": "100", "missing_lines": 0, "excluded_lines": 0, "percent_statements_covered": 100.0, "percent_statements_covered_display": "100"}, "missing_lines": [], "excluded_lines": [], "start_line": 46}, "main": {"executed_lines": [72, 73, 75, 76, 78, 79, 83, 84, 87, 89, 90, 91, 92, 93, 94, 95, 98, 99, 106, 107, 108, 109, 110, 111], "summary": {"covered_lines": 24, "num_statements": 31, "percent_covered": 77.41935483870968, "percent_covered_display": "77", "missing_lines": 7, "excluded_lines": 0, "percent_statements_covered": 77.41935483870968, "percent_statements_covered_display": "77"}, "missing_lines": [86, 96, 100, 101, 102, 103, 104], "excluded_lines": [], "start_line": 70}, "": {"executed_lines": [3, 5, 6, 7, 8, 9, 11, 13, 16, 23, 30, 46, 70, 114, 115], "summary": {"covered_lines": 15, "num_statements": 15, "percent_covered": 100.0, "percent_covered_display": "100", "missing_lines": 0, "excluded_lines": 0, "percent_statements_covered": 100.0, "percent_statements_covered_display": "100"}, "missing_lines": [], "excluded_lines": [], "start_line": 1}}, "classes": {"": {"executed_lines": [3, 5, 6, 7, 8, 9, 11, 13, 16, 17, 18, 19, 20, 23, 24, 25, 30, 31, 32, 34, 35, 36, 41, 43, 46, 47, 48, 50, 51, 52, 53, 55, 56, 57, 58, 59, 60, 62, 63, 64, 65, 67, 70, 72, 73, 75, 76, 78, 79, 83, 84, 87, 89, 90, 91, 92, 93, 94, 95, 98, 99, 106, 107, 108, 109, 110, 111, 114, 115], "summary": {"covered_lines": 69, "num_statements": 83, "percent_covered": 83.13253012048193, "percent_covered_display": "83", "missing_lines": 14, "excluded_lines": 0, "percent_statements_covered": 83.13253012048193, "percent_statements_covered_display": "83"}, "missing_lines": [26, 27, 37, 38, 39, 40, 42, 86, 96, 100, 101, 102, 103, 104], "excluded_lines": [], "start_line": 1}}}, "src/drcutils/cli/doe_analysis_cli.py": {"executed_lines": [3, 5, 6, 7, 9, 11, 14, 15, 16, 17, 18, 19, 20, 21, 22, 25, 27, 28, 30, 31, 32, 37, 45, 46, 47, 48, 49, 53, 59, 60, 61, 63, 64, 65, 68, 69], "summary": {"covered_lines": 36, "num_statements": 39, "percent_covered": 92.3076923076923, "percent_covered_display": "92", "missing_lines": 3, "excluded_lines": 0, "percent_statements_covered": 92.3076923076923, "percent_statements_covered_display": "92"}, "missing_lines": [33, 50, 51], "excluded_lines": [], "functions": {"_build_parser": {"executed_lines": [15, 16, 17, 18, 19, 20, 21, 22], "summary": {"covered_lines": 8, "num_statements": 8, "percent_covered": 100.0, "percent_covered_display": "100", "missing_lines": 0, "excluded_lines": 0, "percent_statements_covered": 100.0, "percent_statements_covered_display": "100"}, "missing_lines": [], "excluded_lines": [], "start_line": 14}, "main": {"executed_lines": [27, 28, 30, 31, 32, 37, 45, 46, 47, 48, 49, 53, 59, 60, 61, 63, 64, 65], "summary": {"covered_lines": 18, "num_statements": 21, "percent_covered": 85.71428571428571, "percent_covered_display": "86", "missing_lines": 3, "excluded_lines": 0, "percent_statements_covered": 85.71428571428571, "percent_statements_covered_display": "86"}, "missing_lines": [33, 50, 51], "excluded_lines": [], "start_line": 25}, "": {"executed_lines": [3, 5, 6, 7, 9, 11, 14, 25, 68, 69], "summary": {"covered_lines": 10, "num_statements": 10, "percent_covered": 100.0, "percent_covered_display": "100", "missing_lines": 0, "excluded_lines": 0, "percent_statements_covered": 100.0, "percent_statements_covered_display": "100"}, "missing_lines": [], "excluded_lines": [], "start_line": 1}}, "classes": {"": {"executed_lines": [3, 5, 6, 7, 9, 11, 14, 15, 16, 17, 18, 19, 20, 21, 22, 25, 27, 28, 30, 31, 32, 37, 45, 46, 47, 48, 49, 53, 59, 60, 61, 63, 64, 65, 68, 69], "summary": {"covered_lines": 36, "num_statements": 39, "percent_covered": 92.3076923076923, "percent_covered_display": "92", "missing_lines": 3, "excluded_lines": 0, "percent_statements_covered": 92.3076923076923, "percent_statements_covered_display": "92"}, "missing_lines": [33, 50, 51], "excluded_lines": [], "start_line": 1}}}, "src/drcutils/cli/doe_cli.py": {"executed_lines": [3, 5, 6, 7, 9, 12, 14, 15, 16, 19, 20, 21, 22, 24, 25, 29, 35, 36, 37, 38, 39, 40, 43, 44], "summary": {"covered_lines": 24, "num_statements": 26, "percent_covered": 92.3076923076923, "percent_covered_display": "92", "missing_lines": 2, "excluded_lines": 0, "percent_statements_covered": 92.3076923076923, "percent_statements_covered_display": "92"}, "missing_lines": [26, 27], "excluded_lines": [], "functions": {"main": {"executed_lines": [14, 15, 16, 19, 20, 21, 22, 24, 25, 29, 35, 36, 37, 38, 39, 40], "summary": {"covered_lines": 16, "num_statements": 18, "percent_covered": 88.88888888888889, "percent_covered_display": "89", "missing_lines": 2, "excluded_lines": 0, "percent_statements_covered": 88.88888888888889, "percent_statements_covered_display": "89"}, "missing_lines": [26, 27], "excluded_lines": [], "start_line": 12}, "": {"executed_lines": [3, 5, 6, 7, 9, 12, 43, 44], "summary": {"covered_lines": 8, "num_statements": 8, "percent_covered": 100.0, "percent_covered_display": "100", "missing_lines": 0, "excluded_lines": 0, "percent_statements_covered": 100.0, "percent_statements_covered_display": "100"}, "missing_lines": [], "excluded_lines": [], "start_line": 1}}, "classes": {"": {"executed_lines": [3, 5, 6, 7, 9, 12, 14, 15, 16, 19, 20, 21, 22, 24, 25, 29, 35, 36, 37, 38, 39, 40, 43, 44], "summary": {"covered_lines": 24, "num_statements": 26, "percent_covered": 92.3076923076923, "percent_covered_display": "92", "missing_lines": 2, "excluded_lines": 0, "percent_statements_covered": 92.3076923076923, "percent_statements_covered_display": "92"}, "missing_lines": [26, 27], "excluded_lines": [], "start_line": 1}}}, "src/drcutils/cli/power_cli.py": {"executed_lines": [3, 5, 6, 7, 9, 12, 13, 14, 16, 17, 18, 19, 20, 21, 22, 24, 25, 26, 27, 28, 29, 30, 31, 33, 34, 35, 36, 37, 38, 39, 40, 43, 45, 46, 48, 60, 61, 62, 65, 73, 74, 75, 76, 77, 91, 92], "summary": {"covered_lines": 46, "num_statements": 54, "percent_covered": 85.18518518518519, "percent_covered_display": "85", "missing_lines": 8, "excluded_lines": 0, "percent_statements_covered": 85.18518518518519, "percent_statements_covered_display": "85"}, "missing_lines": [49, 57, 58, 63, 64, 79, 87, 88], "excluded_lines": [], "functions": {"_build_parser": {"executed_lines": [13, 14, 16, 17, 18, 19, 20, 21, 22, 24, 25, 26, 27, 28, 29, 30, 31, 33, 34, 35, 36, 37, 38, 39, 40], "summary": {"covered_lines": 25, "num_statements": 25, "percent_covered": 100.0, "percent_covered_display": "100", "missing_lines": 0, "excluded_lines": 0, "percent_statements_covered": 100.0, "percent_statements_covered_display": "100"}, "missing_lines": [], "excluded_lines": [], "start_line": 12}, "main": {"executed_lines": [45, 46, 48, 60, 61, 62, 65, 73, 74, 75, 76, 77], "summary": {"covered_lines": 12, "num_statements": 20, "percent_covered": 60.0, "percent_covered_display": "60", "missing_lines": 8, "excluded_lines": 0, "percent_statements_covered": 60.0, "percent_statements_covered_display": "60"}, "missing_lines": [49, 57, 58, 63, 64, 79, 87, 88], "excluded_lines": [], "start_line": 43}, "": {"executed_lines": [3, 5, 6, 7, 9, 12, 43, 91, 92], "summary": {"covered_lines": 9, "num_statements": 9, "percent_covered": 100.0, "percent_covered_display": "100", "missing_lines": 0, "excluded_lines": 0, "percent_statements_covered": 100.0, "percent_statements_covered_display": "100"}, "missing_lines": [], "excluded_lines": [], "start_line": 1}}, "classes": {"": {"executed_lines": [3, 5, 6, 7, 9, 12, 13, 14, 16, 17, 18, 19, 20, 21, 22, 24, 25, 26, 27, 28, 29, 30, 31, 33, 34, 35, 36, 37, 38, 39, 40, 43, 45, 46, 48, 60, 61, 62, 65, 73, 74, 75, 76, 77, 91, 92], "summary": {"covered_lines": 46, "num_statements": 54, "percent_covered": 85.18518518518519, "percent_covered_display": "85", "missing_lines": 8, "excluded_lines": 0, "percent_statements_covered": 85.18518518518519, "percent_statements_covered_display": "85"}, "missing_lines": [49, 57, 58, 63, 64, 79, 87, 88], "excluded_lines": [], "start_line": 1}}}, "src/drcutils/cli/repro_cli.py": {"executed_lines": [3, 5, 6, 7, 9, 12, 13, 14, 16, 17, 18, 19, 20, 21, 24, 26, 27, 29, 30, 37, 38, 39, 44, 45, 47, 50, 51], "summary": {"covered_lines": 27, "num_statements": 36, "percent_covered": 75.0, "percent_covered_display": "75", "missing_lines": 9, "excluded_lines": 0, "percent_statements_covered": 75.0, "percent_statements_covered_display": "75"}, "missing_lines": [31, 32, 33, 34, 35, 40, 41, 42, 46], "excluded_lines": [], "functions": {"_build_parser": {"executed_lines": [13, 14, 16, 17, 18, 19, 20, 21], "summary": {"covered_lines": 8, "num_statements": 8, "percent_covered": 100.0, "percent_covered_display": "100", "missing_lines": 0, "excluded_lines": 0, "percent_statements_covered": 100.0, "percent_statements_covered_display": "100"}, "missing_lines": [], "excluded_lines": [], "start_line": 12}, "main": {"executed_lines": [26, 27, 29, 30, 37, 38, 39, 44, 45, 47], "summary": {"covered_lines": 10, "num_statements": 19, "percent_covered": 52.63157894736842, "percent_covered_display": "53", "missing_lines": 9, "excluded_lines": 0, "percent_statements_covered": 52.63157894736842, "percent_statements_covered_display": "53"}, "missing_lines": [31, 32, 33, 34, 35, 40, 41, 42, 46], "excluded_lines": [], "start_line": 24}, "": {"executed_lines": [3, 5, 6, 7, 9, 12, 24, 50, 51], "summary": {"covered_lines": 9, "num_statements": 9, "percent_covered": 100.0, "percent_covered_display": "100", "missing_lines": 0, "excluded_lines": 0, "percent_statements_covered": 100.0, "percent_statements_covered_display": "100"}, "missing_lines": [], "excluded_lines": [], "start_line": 1}}, "classes": {"": {"executed_lines": [3, 5, 6, 7, 9, 12, 13, 14, 16, 17, 18, 19, 20, 21, 24, 26, 27, 29, 30, 37, 38, 39, 44, 45, 47, 50, 51], "summary": {"covered_lines": 27, "num_statements": 36, "percent_covered": 75.0, "percent_covered_display": "75", "missing_lines": 9, "excluded_lines": 0, "percent_statements_covered": 75.0, "percent_statements_covered_display": "75"}, "missing_lines": [31, 32, 33, 34, 35, 40, 41, 42, 46], "excluded_lines": [], "start_line": 1}}}, "src/drcutils/cli/stats_cli.py": {"executed_lines": [3, 5, 6, 8, 10, 13, 14, 15, 17, 18, 19, 20, 21, 22, 24, 25, 26, 27, 28, 30, 33, 35, 36, 38, 39, 41, 42, 44, 56, 57, 60, 61], "summary": {"covered_lines": 32, "num_statements": 36, "percent_covered": 88.88888888888889, "percent_covered_display": "89", "missing_lines": 4, "excluded_lines": 0, "percent_statements_covered": 88.88888888888889, "percent_statements_covered_display": "89"}, "missing_lines": [43, 48, 49, 52], "excluded_lines": [], "functions": {"_build_parser": {"executed_lines": [14, 15, 17, 18, 19, 20, 21, 22, 24, 25, 26, 27, 28, 30], "summary": {"covered_lines": 14, "num_statements": 14, "percent_covered": 100.0, "percent_covered_display": "100", "missing_lines": 0, "excluded_lines": 0, "percent_statements_covered": 100.0, "percent_statements_covered_display": "100"}, "missing_lines": [], "excluded_lines": [], "start_line": 13}, "main": {"executed_lines": [35, 36, 38, 39, 41, 42, 44, 56, 57], "summary": {"covered_lines": 9, "num_statements": 13, "percent_covered": 69.23076923076923, "percent_covered_display": "69", "missing_lines": 4, "excluded_lines": 0, "percent_statements_covered": 69.23076923076923, "percent_statements_covered_display": "69"}, "missing_lines": [43, 48, 49, 52], "excluded_lines": [], "start_line": 33}, "": {"executed_lines": [3, 5, 6, 8, 10, 13, 33, 60, 61], "summary": {"covered_lines": 9, "num_statements": 9, "percent_covered": 100.0, "percent_covered_display": "100", "missing_lines": 0, "excluded_lines": 0, "percent_statements_covered": 100.0, "percent_statements_covered_display": "100"}, "missing_lines": [], "excluded_lines": [], "start_line": 1}}, "classes": {"": {"executed_lines": [3, 5, 6, 8, 10, 13, 14, 15, 17, 18, 19, 20, 21, 22, 24, 25, 26, 27, 28, 30, 33, 35, 36, 38, 39, 41, 42, 44, 56, 57, 60, 61], "summary": {"covered_lines": 32, "num_statements": 36, "percent_covered": 88.88888888888889, "percent_covered_display": "89", "missing_lines": 4, "excluded_lines": 0, "percent_statements_covered": 88.88888888888889, "percent_statements_covered_display": "89"}, "missing_lines": [43, 48, 49, 52], "excluded_lines": [], "start_line": 1}}}, "src/drcutils/data/__init__.py": {"executed_lines": [3, 4, 6], "summary": {"covered_lines": 3, "num_statements": 3, "percent_covered": 100.0, "percent_covered_display": "100", "missing_lines": 0, "excluded_lines": 0, "percent_statements_covered": 100.0, "percent_statements_covered_display": "100"}, "missing_lines": [], "excluded_lines": [], "functions": {"": {"executed_lines": [3, 4, 6], "summary": {"covered_lines": 3, "num_statements": 3, "percent_covered": 100.0, "percent_covered_display": "100", "missing_lines": 0, "excluded_lines": 0, "percent_statements_covered": 100.0, "percent_statements_covered_display": "100"}, "missing_lines": [], "excluded_lines": [], "start_line": 1}}, "classes": {"": {"executed_lines": [3, 4, 6], "summary": {"covered_lines": 3, "num_statements": 3, "percent_covered": 100.0, "percent_covered_display": "100", "missing_lines": 0, "excluded_lines": 0, "percent_statements_covered": 100.0, "percent_statements_covered_display": "100"}, "missing_lines": [], "excluded_lines": [], "start_line": 1}}}, "src/drcutils/data/convert.py": {"executed_lines": [3, 5, 6, 7, 9, 10, 11, 14, 15, 38, 57, 60, 62, 63, 64, 65, 66, 67, 69, 72, 89, 90, 92, 93, 94, 96, 97, 98, 102, 103, 104, 108, 109, 113], "summary": {"covered_lines": 34, "num_statements": 35, "percent_covered": 97.14285714285714, "percent_covered_display": "97", "missing_lines": 1, "excluded_lines": 0, "percent_statements_covered": 97.14285714285714, "percent_statements_covered_display": "97"}, "missing_lines": [68], "excluded_lines": [], "functions": {"_get_data_extensions": {"executed_lines": [15, 38, 57], "summary": {"covered_lines": 3, "num_statements": 3, "percent_covered": 100.0, "percent_covered_display": "100", "missing_lines": 0, "excluded_lines": 0, "percent_statements_covered": 100.0, "percent_statements_covered_display": "100"}, "missing_lines": [], "excluded_lines": [], "start_line": 14}, "_convertible": {"executed_lines": [62, 63, 64, 65, 66, 67, 69], "summary": {"covered_lines": 7, "num_statements": 8, "percent_covered": 87.5, "percent_covered_display": "88", "missing_lines": 1, "excluded_lines": 0, "percent_statements_covered": 87.5, "percent_statements_covered_display": "88"}, "missing_lines": [68], "excluded_lines": [], "start_line": 60}, "convert": {"executed_lines": [89, 90, 92, 93, 94, 96, 97, 98, 102, 103, 104, 108, 109, 113], "summary": {"covered_lines": 14, "num_statements": 14, "percent_covered": 100.0, "percent_covered_display": "100", "missing_lines": 0, "excluded_lines": 0, "percent_statements_covered": 100.0, "percent_statements_covered_display": "100"}, "missing_lines": [], "excluded_lines": [], "start_line": 72}, "": {"executed_lines": [3, 5, 6, 7, 9, 10, 11, 14, 60, 72], "summary": {"covered_lines": 10, "num_statements": 10, "percent_covered": 100.0, "percent_covered_display": "100", "missing_lines": 0, "excluded_lines": 0, "percent_statements_covered": 100.0, "percent_statements_covered_display": "100"}, "missing_lines": [], "excluded_lines": [], "start_line": 1}}, "classes": {"": {"executed_lines": [3, 5, 6, 7, 9, 10, 11, 14, 15, 38, 57, 60, 62, 63, 64, 65, 66, 67, 69, 72, 89, 90, 92, 93, 94, 96, 97, 98, 102, 103, 104, 108, 109, 113], "summary": {"covered_lines": 34, "num_statements": 35, "percent_covered": 97.14285714285714, "percent_covered_display": "97", "missing_lines": 1, "excluded_lines": 0, "percent_statements_covered": 97.14285714285714, "percent_statements_covered_display": "97"}, "missing_lines": [68], "excluded_lines": [], "start_line": 1}}}, "src/drcutils/data/dataset.py": {"executed_lines": [3, 5, 6, 8, 9, 12, 15, 16, 17, 18, 19, 20, 21, 22, 25, 27, 30, 31, 33, 35, 37, 38, 39, 41, 42, 46, 47, 48, 51, 52, 53, 56, 65, 66, 67, 68, 69, 70, 71, 72, 73, 74, 75, 76, 86, 88, 89, 91, 92, 93, 94, 95, 96, 103, 104, 106, 107, 108, 112, 114, 122, 138, 140, 141, 142, 143, 145, 146, 150, 151, 152, 154, 155, 156, 157, 158, 159, 161, 162, 163, 165, 166, 177, 180, 181, 183, 189, 195, 207, 222, 223, 224, 226, 238, 244, 245, 247, 248, 249, 250, 263, 273], "summary": {"covered_lines": 102, "num_statements": 157, "percent_covered": 64.96815286624204, "percent_covered_display": "65", "missing_lines": 55, "excluded_lines": 0, "percent_statements_covered": 64.96815286624204, "percent_statements_covered_display": "65"}, "missing_lines": [32, 34, 36, 40, 43, 57, 58, 59, 60, 61, 62, 123, 124, 125, 126, 127, 128, 129, 130, 131, 132, 133, 134, 135, 147, 148, 167, 168, 169, 172, 173, 178, 184, 185, 186, 187, 190, 191, 192, 193, 196, 197, 198, 200, 201, 202, 203, 204, 205, 208, 213, 215, 216, 219, 220], "excluded_lines": [], "functions": {"_infer_dtype": {"executed_lines": [31, 33, 35, 37, 38, 39, 41, 42], "summary": {"covered_lines": 8, "num_statements": 13, "percent_covered": 61.53846153846154, "percent_covered_display": "62", "missing_lines": 5, "excluded_lines": 0, "percent_statements_covered": 61.53846153846154, "percent_statements_covered_display": "62"}, "missing_lines": [32, 34, 36, 40, 43], "excluded_lines": [], "start_line": 30}, "_is_profile_numeric": {"executed_lines": [47, 48], "summary": {"covered_lines": 2, "num_statements": 2, "percent_covered": 100.0, "percent_covered_display": "100", "missing_lines": 0, "excluded_lines": 0, "percent_statements_covered": 100.0, "percent_statements_covered_display": "100"}, "missing_lines": [], "excluded_lines": [], "start_line": 46}, "_sorted_stringified_values": {"executed_lines": [52, 53], "summary": {"covered_lines": 2, "num_statements": 2, "percent_covered": 100.0, "percent_covered_display": "100", "missing_lines": 0, "excluded_lines": 0, "percent_statements_covered": 100.0, "percent_statements_covered_display": "100"}, "missing_lines": [], "excluded_lines": [], "start_line": 51}, "_coerce_scalar": {"executed_lines": [], "summary": {"covered_lines": 0, "num_statements": 6, "percent_covered": 0.0, "percent_covered_display": "0", "missing_lines": 6, "excluded_lines": 0, "percent_statements_covered": 0.0, "percent_statements_covered_display": "0"}, "missing_lines": [57, 58, 59, 60, 61, 62], "excluded_lines": [], "start_line": 56}, "_numeric_summary": {"executed_lines": [66, 67, 68, 69, 70, 71, 72, 73, 74, 75, 76], "summary": {"covered_lines": 11, "num_statements": 11, "percent_covered": 100.0, "percent_covered_display": "100", "missing_lines": 0, "excluded_lines": 0, "percent_statements_covered": 100.0, "percent_statements_covered_display": "100"}, "missing_lines": [], "excluded_lines": [], "start_line": 65}, "profile_dataframe": {"executed_lines": [88, 89, 91, 92, 93, 94, 95, 96, 103, 104, 106, 107, 108, 112, 114], "summary": {"covered_lines": 15, "num_statements": 15, "percent_covered": 100.0, "percent_covered_display": "100", "missing_lines": 0, "excluded_lines": 0, "percent_statements_covered": 100.0, "percent_statements_covered_display": "100"}, "missing_lines": [], "excluded_lines": [], "start_line": 86}, "_matches_declared_dtype": {"executed_lines": [], "summary": {"covered_lines": 0, "num_statements": 13, "percent_covered": 0.0, "percent_covered_display": "0", "missing_lines": 13, "excluded_lines": 0, "percent_statements_covered": 0.0, "percent_statements_covered_display": "0"}, "missing_lines": [123, 124, 125, 126, 127, 128, 129, 130, 131, 132, 133, 134, 135], "excluded_lines": [], "start_line": 122}, "validate_dataframe": {"executed_lines": [140, 141, 142, 143, 145, 146, 150, 151, 152, 154, 155, 156, 157, 158, 159, 161, 162, 163, 165, 166, 177, 180, 181, 183, 189, 195, 207, 222, 223, 224, 226], "summary": {"covered_lines": 31, "num_statements": 62, "percent_covered": 50.0, "percent_covered_display": "50", "missing_lines": 31, "excluded_lines": 0, "percent_statements_covered": 50.0, "percent_statements_covered_display": "50"}, "missing_lines": [147, 148, 167, 168, 169, 172, 173, 178, 184, 185, 186, 187, 190, 191, 192, 193, 196, 197, 198, 200, 201, 202, 203, 204, 205, 208, 213, 215, 216, 219, 220], "excluded_lines": [], "start_line": 138}, "generate_codebook": {"executed_lines": [244, 245, 247, 248, 249, 250, 263, 273], "summary": {"covered_lines": 8, "num_statements": 8, "percent_covered": 100.0, "percent_covered_display": "100", "missing_lines": 0, "excluded_lines": 0, "percent_statements_covered": 100.0, "percent_statements_covered_display": "100"}, "missing_lines": [], "excluded_lines": [], "start_line": 238}, "": {"executed_lines": [3, 5, 6, 8, 9, 12, 15, 16, 17, 18, 19, 20, 21, 22, 25, 27, 30, 46, 51, 56, 65, 86, 122, 138, 238], "summary": {"covered_lines": 25, "num_statements": 25, "percent_covered": 100.0, "percent_covered_display": "100", "missing_lines": 0, "excluded_lines": 0, "percent_statements_covered": 100.0, "percent_statements_covered_display": "100"}, "missing_lines": [], "excluded_lines": [], "start_line": 1}}, "classes": {"ColumnSchema": {"executed_lines": [], "summary": {"covered_lines": 0, "num_statements": 0, "percent_covered": 100.0, "percent_covered_display": "100", "missing_lines": 0, "excluded_lines": 0, "percent_statements_covered": 100.0, "percent_statements_covered_display": "100"}, "missing_lines": [], "excluded_lines": [], "start_line": 12}, "": {"executed_lines": [3, 5, 6, 8, 9, 12, 15, 16, 17, 18, 19, 20, 21, 22, 25, 27, 30, 31, 33, 35, 37, 38, 39, 41, 42, 46, 47, 48, 51, 52, 53, 56, 65, 66, 67, 68, 69, 70, 71, 72, 73, 74, 75, 76, 86, 88, 89, 91, 92, 93, 94, 95, 96, 103, 104, 106, 107, 108, 112, 114, 122, 138, 140, 141, 142, 143, 145, 146, 150, 151, 152, 154, 155, 156, 157, 158, 159, 161, 162, 163, 165, 166, 177, 180, 181, 183, 189, 195, 207, 222, 223, 224, 226, 238, 244, 245, 247, 248, 249, 250, 263, 273], "summary": {"covered_lines": 102, "num_statements": 157, "percent_covered": 64.96815286624204, "percent_covered_display": "65", "missing_lines": 55, "excluded_lines": 0, "percent_statements_covered": 64.96815286624204, "percent_statements_covered_display": "65"}, "missing_lines": [32, 34, 36, 40, 43, 57, 58, 59, 60, 61, 62, 123, 124, 125, 126, 127, 128, 129, 130, 131, 132, 133, 134, 135, 147, 148, 167, 168, 169, 172, 173, 178, 184, 185, 186, 187, 190, 191, 192, 193, 196, 197, 198, 200, 201, 202, 203, 204, 205, 208, 213, 215, 216, 219, 220], "excluded_lines": [], "start_line": 1}}}, "src/drcutils/doe/__init__.py": {"executed_lines": [3, 4, 6], "summary": {"covered_lines": 3, "num_statements": 3, "percent_covered": 100.0, "percent_covered_display": "100", "missing_lines": 0, "excluded_lines": 0, "percent_statements_covered": 100.0, "percent_statements_covered_display": "100"}, "missing_lines": [], "excluded_lines": [], "functions": {"": {"executed_lines": [3, 4, 6], "summary": {"covered_lines": 3, "num_statements": 3, "percent_covered": 100.0, "percent_covered_display": "100", "missing_lines": 0, "excluded_lines": 0, "percent_statements_covered": 100.0, "percent_statements_covered_display": "100"}, "missing_lines": [], "excluded_lines": [], "start_line": 1}}, "classes": {"": {"executed_lines": [3, 4, 6], "summary": {"covered_lines": 3, "num_statements": 3, "percent_covered": 100.0, "percent_covered_display": "100", "missing_lines": 0, "excluded_lines": 0, "percent_statements_covered": 100.0, "percent_statements_covered_display": "100"}, "missing_lines": [], "excluded_lines": [], "start_line": 1}}}, "src/drcutils/doe/analysis.py": {"executed_lines": [3, 5, 6, 8, 9, 10, 13, 19, 22, 27, 30, 31, 33, 36, 37, 38, 39, 40, 43, 44, 45, 46, 48, 51, 58, 59, 60, 63, 64, 65, 67, 68, 69, 70, 71, 73, 74, 75, 76, 77, 87, 89, 90, 91, 92, 103, 104, 105, 116, 117, 120, 129, 132, 133, 136, 139, 140, 142, 143, 150, 151, 152, 154, 155, 156, 157, 158, 162, 164, 165, 166, 167, 172, 173, 174, 176, 177, 180, 181, 182, 183, 185, 188, 189, 190, 191, 193, 194, 195, 206, 222, 231, 232, 233, 239, 240, 241, 251, 255, 261], "summary": {"covered_lines": 100, "num_statements": 120, "percent_covered": 83.33333333333333, "percent_covered_display": "83", "missing_lines": 20, "excluded_lines": 0, "percent_statements_covered": 83.33333333333333, "percent_statements_covered_display": "83"}, "missing_lines": [20, 28, 32, 47, 61, 72, 130, 134, 144, 145, 159, 160, 168, 169, 170, 178, 184, 186, 242, 249], "excluded_lines": [], "functions": {"_resolve_factor_columns": {"executed_lines": [19, 22, 27, 30, 31, 33], "summary": {"covered_lines": 6, "num_statements": 9, "percent_covered": 66.66666666666667, "percent_covered_display": "67", "missing_lines": 3, "excluded_lines": 0, "percent_statements_covered": 66.66666666666667, "percent_statements_covered_display": "67"}, "missing_lines": [20, 28, 32], "excluded_lines": [], "start_line": 13}, "_sorted_levels": {"executed_lines": [37, 38, 39, 40], "summary": {"covered_lines": 4, "num_statements": 4, "percent_covered": 100.0, "percent_covered_display": "100", "missing_lines": 0, "excluded_lines": 0, "percent_statements_covered": 100.0, "percent_statements_covered_display": "100"}, "missing_lines": [], "excluded_lines": [], "start_line": 36}, "_zscore": {"executed_lines": [44, 45, 46, 48], "summary": {"covered_lines": 4, "num_statements": 5, "percent_covered": 80.0, "percent_covered_display": "80", "missing_lines": 1, "excluded_lines": 0, "percent_statements_covered": 80.0, "percent_statements_covered_display": "80"}, "missing_lines": [47], "excluded_lines": [], "start_line": 43}, "compute_main_effects": {"executed_lines": [58, 59, 60, 63, 64, 65, 67, 68, 69, 70, 71, 73, 74, 75, 76, 77, 87, 89, 90, 91, 92, 103, 104, 105, 116, 117], "summary": {"covered_lines": 26, "num_statements": 28, "percent_covered": 92.85714285714286, "percent_covered_display": "93", "missing_lines": 2, "excluded_lines": 0, "percent_statements_covered": 92.85714285714286, "percent_statements_covered_display": "93"}, "missing_lines": [61, 72], "excluded_lines": [], "start_line": 51}, "fit_screening_model": {"executed_lines": [129, 132, 133, 136, 139, 140, 142, 143, 150, 151, 152, 154, 155, 156, 157, 158, 162, 164, 165, 166, 167, 172, 173, 174, 176, 177, 180, 181, 182, 183, 185, 188, 189, 190, 191, 193, 194, 195, 206], "summary": {"covered_lines": 39, "num_statements": 51, "percent_covered": 76.47058823529412, "percent_covered_display": "76", "missing_lines": 12, "excluded_lines": 0, "percent_statements_covered": 76.47058823529412, "percent_statements_covered_display": "76"}, "missing_lines": [130, 134, 144, 145, 159, 160, 168, 169, 170, 178, 184, 186], "excluded_lines": [], "start_line": 120}, "analyze_doe_response": {"executed_lines": [231, 232, 233, 239, 240, 241, 251, 255, 261], "summary": {"covered_lines": 9, "num_statements": 11, "percent_covered": 81.81818181818181, "percent_covered_display": "82", "missing_lines": 2, "excluded_lines": 0, "percent_statements_covered": 81.81818181818181, "percent_statements_covered_display": "82"}, "missing_lines": [242, 249], "excluded_lines": [], "start_line": 222}, "": {"executed_lines": [3, 5, 6, 8, 9, 10, 13, 36, 43, 51, 120, 222], "summary": {"covered_lines": 12, "num_statements": 12, "percent_covered": 100.0, "percent_covered_display": "100", "missing_lines": 0, "excluded_lines": 0, "percent_statements_covered": 100.0, "percent_statements_covered_display": "100"}, "missing_lines": [], "excluded_lines": [], "start_line": 1}}, "classes": {"": {"executed_lines": [3, 5, 6, 8, 9, 10, 13, 19, 22, 27, 30, 31, 33, 36, 37, 38, 39, 40, 43, 44, 45, 46, 48, 51, 58, 59, 60, 63, 64, 65, 67, 68, 69, 70, 71, 73, 74, 75, 76, 77, 87, 89, 90, 91, 92, 103, 104, 105, 116, 117, 120, 129, 132, 133, 136, 139, 140, 142, 143, 150, 151, 152, 154, 155, 156, 157, 158, 162, 164, 165, 166, 167, 172, 173, 174, 176, 177, 180, 181, 182, 183, 185, 188, 189, 190, 191, 193, 194, 195, 206, 222, 231, 232, 233, 239, 240, 241, 251, 255, 261], "summary": {"covered_lines": 100, "num_statements": 120, "percent_covered": 83.33333333333333, "percent_covered_display": "83", "missing_lines": 20, "excluded_lines": 0, "percent_statements_covered": 83.33333333333333, "percent_statements_covered_display": "83"}, "missing_lines": [20, 28, 32, 47, 61, 72, 130, 134, 144, 145, 159, 160, 168, 169, 170, 178, 184, 186, 242, 249], "excluded_lines": [], "start_line": 1}}}, "src/drcutils/doe/designs.py": {"executed_lines": [3, 5, 6, 8, 9, 12, 21, 22, 23, 24, 27, 42, 45, 46, 47, 48, 50, 51, 52, 53, 55, 58, 69, 76, 79, 86, 126, 135, 136, 137, 138, 139, 143], "summary": {"covered_lines": 33, "num_statements": 56, "percent_covered": 58.92857142857143, "percent_covered_display": "59", "missing_lines": 23, "excluded_lines": 0, "percent_statements_covered": 58.92857142857143, "percent_statements_covered_display": "59"}, "missing_lines": [43, 49, 70, 71, 72, 73, 74, 75, 99, 100, 101, 102, 104, 105, 106, 108, 109, 110, 111, 116, 117, 122, 123], "excluded_lines": [], "functions": {"full_factorial": {"executed_lines": [21, 22, 23, 24], "summary": {"covered_lines": 4, "num_statements": 4, "percent_covered": 100.0, "percent_covered_display": "100", "missing_lines": 0, "excluded_lines": 0, "percent_statements_covered": 100.0, "percent_statements_covered_display": "100"}, "missing_lines": [], "excluded_lines": [], "start_line": 12}, "latin_hypercube": {"executed_lines": [42, 45, 46, 47, 48, 50, 51, 52, 53, 55], "summary": {"covered_lines": 10, "num_statements": 12, "percent_covered": 83.33333333333333, "percent_covered_display": "83", "missing_lines": 2, "excluded_lines": 0, "percent_statements_covered": 83.33333333333333, "percent_statements_covered_display": "83"}, "missing_lines": [43, 49], "excluded_lines": [], "start_line": 27}, "randomize_runs": {"executed_lines": [69, 76], "summary": {"covered_lines": 2, "num_statements": 8, "percent_covered": 25.0, "percent_covered_display": "25", "missing_lines": 6, "excluded_lines": 0, "percent_statements_covered": 25.0, "percent_statements_covered_display": "25"}, "missing_lines": [70, 71, 72, 73, 74, 75], "excluded_lines": [], "start_line": 58}, "fractional_factorial_2level": {"executed_lines": [], "summary": {"covered_lines": 0, "num_statements": 15, "percent_covered": 0.0, "percent_covered_display": "0", "missing_lines": 15, "excluded_lines": 0, "percent_statements_covered": 0.0, "percent_statements_covered_display": "0"}, "missing_lines": [99, 100, 101, 102, 104, 105, 106, 108, 109, 110, 111, 116, 117, 122, 123], "excluded_lines": [], "start_line": 86}, "design_balance_report": {"executed_lines": [135, 136, 137, 138, 139, 143], "summary": {"covered_lines": 6, "num_statements": 6, "percent_covered": 100.0, "percent_covered_display": "100", "missing_lines": 0, "excluded_lines": 0, "percent_statements_covered": 100.0, "percent_statements_covered_display": "100"}, "missing_lines": [], "excluded_lines": [], "start_line": 126}, "": {"executed_lines": [3, 5, 6, 8, 9, 12, 27, 58, 79, 86, 126], "summary": {"covered_lines": 11, "num_statements": 11, "percent_covered": 100.0, "percent_covered_display": "100", "missing_lines": 0, "excluded_lines": 0, "percent_statements_covered": 100.0, "percent_statements_covered_display": "100"}, "missing_lines": [], "excluded_lines": [], "start_line": 1}}, "classes": {"": {"executed_lines": [3, 5, 6, 8, 9, 12, 21, 22, 23, 24, 27, 42, 45, 46, 47, 48, 50, 51, 52, 53, 55, 58, 69, 76, 79, 86, 126, 135, 136, 137, 138, 139, 143], "summary": {"covered_lines": 33, "num_statements": 56, "percent_covered": 58.92857142857143, "percent_covered_display": "59", "missing_lines": 23, "excluded_lines": 0, "percent_statements_covered": 58.92857142857143, "percent_statements_covered_display": "59"}, "missing_lines": [43, 49, 70, 71, 72, 73, 74, 75, 99, 100, 101, 102, 104, 105, 106, 108, 109, 110, 111, 116, 117, 122, 123], "excluded_lines": [], "start_line": 1}}}, "src/drcutils/doe/generate.py": {"executed_lines": [3, 5, 7, 8, 10, 19, 43, 44, 47, 48, 49, 50, 52, 58, 61, 72, 73, 75, 80, 81, 82, 85, 93, 99], "summary": {"covered_lines": 24, "num_statements": 39, "percent_covered": 61.53846153846154, "percent_covered_display": "62", "missing_lines": 15, "excluded_lines": 0, "percent_statements_covered": 61.53846153846154, "percent_statements_covered_display": "62"}, "missing_lines": [45, 51, 53, 54, 56, 59, 62, 63, 64, 65, 66, 68, 69, 70, 83], "excluded_lines": [], "functions": {"generate_doe": {"executed_lines": [43, 44, 47, 48, 49, 50, 52, 58, 61, 72, 73, 75, 80, 81, 82, 85, 93, 99], "summary": {"covered_lines": 18, "num_statements": 33, "percent_covered": 54.54545454545455, "percent_covered_display": "55", "missing_lines": 15, "excluded_lines": 0, "percent_statements_covered": 54.54545454545455, "percent_statements_covered_display": "55"}, "missing_lines": [45, 51, 53, 54, 56, 59, 62, 63, 64, 65, 66, 68, 69, 70, 83], "excluded_lines": [], "start_line": 19}, "": {"executed_lines": [3, 5, 7, 8, 10, 19], "summary": {"covered_lines": 6, "num_statements": 6, "percent_covered": 100.0, "percent_covered_display": "100", "missing_lines": 0, "excluded_lines": 0, "percent_statements_covered": 100.0, "percent_statements_covered_display": "100"}, "missing_lines": [], "excluded_lines": [], "start_line": 1}}, "classes": {"": {"executed_lines": [3, 5, 7, 8, 10, 19, 43, 44, 47, 48, 49, 50, 52, 58, 61, 72, 73, 75, 80, 81, 82, 85, 93, 99], "summary": {"covered_lines": 24, "num_statements": 39, "percent_covered": 61.53846153846154, "percent_covered_display": "62", "missing_lines": 15, "excluded_lines": 0, "percent_statements_covered": 61.53846153846154, "percent_statements_covered_display": "62"}, "missing_lines": [45, 51, 53, 54, 56, 59, 62, 63, 64, 65, 66, 68, 69, 70, 83], "excluded_lines": [], "start_line": 1}}}, "src/drcutils/runtime/__init__.py": {"executed_lines": [3, 4, 6], "summary": {"covered_lines": 3, "num_statements": 3, "percent_covered": 100.0, "percent_covered_display": "100", "missing_lines": 0, "excluded_lines": 0, "percent_statements_covered": 100.0, "percent_statements_covered_display": "100"}, "missing_lines": [], "excluded_lines": [], "functions": {"": {"executed_lines": [3, 4, 6], "summary": {"covered_lines": 3, "num_statements": 3, "percent_covered": 100.0, "percent_covered_display": "100", "missing_lines": 0, "excluded_lines": 0, "percent_statements_covered": 100.0, "percent_statements_covered_display": "100"}, "missing_lines": [], "excluded_lines": [], "start_line": 1}}, "classes": {"": {"executed_lines": [3, 4, 6], "summary": {"covered_lines": 3, "num_statements": 3, "percent_covered": 100.0, "percent_covered_display": "100", "missing_lines": 0, "excluded_lines": 0, "percent_statements_covered": 100.0, "percent_statements_covered_display": "100"}, "missing_lines": [], "excluded_lines": [], "start_line": 1}}}, "src/drcutils/runtime/env.py": {"executed_lines": [3, 5, 8, 17], "summary": {"covered_lines": 4, "num_statements": 16, "percent_covered": 25.0, "percent_covered_display": "25", "missing_lines": 12, "excluded_lines": 0, "percent_statements_covered": 25.0, "percent_statements_covered_display": "25"}, "missing_lines": [14, 23, 24, 26, 27, 28, 29, 30, 31, 33, 34, 35], "excluded_lines": [], "functions": {"is_google_colab": {"executed_lines": [], "summary": {"covered_lines": 0, "num_statements": 1, "percent_covered": 0.0, "percent_covered_display": "0", "missing_lines": 1, "excluded_lines": 0, "percent_statements_covered": 0.0, "percent_statements_covered_display": "0"}, "missing_lines": [14], "excluded_lines": [], "start_line": 8}, "is_notebook": {"executed_lines": [], "summary": {"covered_lines": 0, "num_statements": 11, "percent_covered": 0.0, "percent_covered_display": "0", "missing_lines": 11, "excluded_lines": 0, "percent_statements_covered": 0.0, "percent_statements_covered_display": "0"}, "missing_lines": [23, 24, 26, 27, 28, 29, 30, 31, 33, 34, 35], "excluded_lines": [], "start_line": 17}, "": {"executed_lines": [3, 5, 8, 17], "summary": {"covered_lines": 4, "num_statements": 4, "percent_covered": 100.0, "percent_covered_display": "100", "missing_lines": 0, "excluded_lines": 0, "percent_statements_covered": 100.0, "percent_statements_covered_display": "100"}, "missing_lines": [], "excluded_lines": [], "start_line": 1}}, "classes": {"": {"executed_lines": [3, 5, 8, 17], "summary": {"covered_lines": 4, "num_statements": 16, "percent_covered": 25.0, "percent_covered_display": "25", "missing_lines": 12, "excluded_lines": 0, "percent_statements_covered": 25.0, "percent_statements_covered_display": "25"}, "missing_lines": [14, 23, 24, 26, 27, 28, 29, 30, 31, 33, 34, 35], "excluded_lines": [], "start_line": 1}}}, "src/drcutils/runtime/repro.py": {"executed_lines": [3, 5, 6, 7, 8, 9, 10, 11, 12, 13, 14, 16, 26, 27, 28, 29, 30, 31, 32, 33, 34, 37, 38, 44, 47, 48, 55, 56, 57, 58, 60, 61, 65, 66, 70, 71, 75, 76, 77, 78, 79, 82, 83, 84, 85, 86, 87, 97, 98, 99, 102, 109, 110, 112, 113, 114, 116, 124, 145, 147, 148, 149, 151, 152, 153, 154, 155, 158, 160, 161, 162], "summary": {"covered_lines": 71, "num_statements": 86, "percent_covered": 82.55813953488372, "percent_covered_display": "83", "missing_lines": 15, "excluded_lines": 0, "percent_statements_covered": 82.55813953488372, "percent_statements_covered_display": "83"}, "missing_lines": [62, 63, 67, 68, 72, 73, 88, 89, 90, 91, 92, 94, 95, 96, 115], "excluded_lines": [], "functions": {"_hash_file": {"executed_lines": [27, 28, 29, 30, 31, 32, 33, 34], "summary": {"covered_lines": 8, "num_statements": 8, "percent_covered": 100.0, "percent_covered_display": "100", "missing_lines": 0, "excluded_lines": 0, "percent_statements_covered": 100.0, "percent_statements_covered_display": "100"}, "missing_lines": [], "excluded_lines": [], "start_line": 26}, "_run_git_command": {"executed_lines": [38, 44], "summary": {"covered_lines": 2, "num_statements": 2, "percent_covered": 100.0, "percent_covered_display": "100", "missing_lines": 0, "excluded_lines": 0, "percent_statements_covered": 100.0, "percent_statements_covered_display": "100"}, "missing_lines": [], "excluded_lines": [], "start_line": 37}, "_get_git_context": {"executed_lines": [48, 55, 56, 57, 58, 60, 61, 65, 66, 70, 71, 75, 76, 77, 78, 79], "summary": {"covered_lines": 16, "num_statements": 22, "percent_covered": 72.72727272727273, "percent_covered_display": "73", "missing_lines": 6, "excluded_lines": 0, "percent_statements_covered": 72.72727272727273, "percent_statements_covered_display": "73"}, "missing_lines": [62, 63, 67, 68, 72, 73], "excluded_lines": [], "start_line": 47}, "_get_package_versions": {"executed_lines": [83, 84, 85, 86, 87, 97, 98, 99], "summary": {"covered_lines": 8, "num_statements": 16, "percent_covered": 50.0, "percent_covered_display": "50", "missing_lines": 8, "excluded_lines": 0, "percent_statements_covered": 50.0, "percent_statements_covered_display": "50"}, "missing_lines": [88, 89, 90, 91, 92, 94, 95, 96], "excluded_lines": [], "start_line": 82}, "capture_run_context": {"executed_lines": [109, 110, 112, 113, 114, 116, 124], "summary": {"covered_lines": 7, "num_statements": 8, "percent_covered": 87.5, "percent_covered_display": "88", "missing_lines": 1, "excluded_lines": 0, "percent_statements_covered": 87.5, "percent_statements_covered_display": "88"}, "missing_lines": [115], "excluded_lines": [], "start_line": 102}, "write_run_manifest": {"executed_lines": [147, 148, 149, 151, 152, 153, 154, 155], "summary": {"covered_lines": 8, "num_statements": 8, "percent_covered": 100.0, "percent_covered_display": "100", "missing_lines": 0, "excluded_lines": 0, "percent_statements_covered": 100.0, "percent_statements_covered_display": "100"}, "missing_lines": [], "excluded_lines": [], "start_line": 145}, "attach_provenance": {"executed_lines": [160, 161, 162], "summary": {"covered_lines": 3, "num_statements": 3, "percent_covered": 100.0, "percent_covered_display": "100", "missing_lines": 0, "excluded_lines": 0, "percent_statements_covered": 100.0, "percent_statements_covered_display": "100"}, "missing_lines": [], "excluded_lines": [], "start_line": 158}, "": {"executed_lines": [3, 5, 6, 7, 8, 9, 10, 11, 12, 13, 14, 16, 26, 37, 47, 82, 102, 145, 158], "summary": {"covered_lines": 19, "num_statements": 19, "percent_covered": 100.0, "percent_covered_display": "100", "missing_lines": 0, "excluded_lines": 0, "percent_statements_covered": 100.0, "percent_statements_covered_display": "100"}, "missing_lines": [], "excluded_lines": [], "start_line": 1}}, "classes": {"": {"executed_lines": [3, 5, 6, 7, 8, 9, 10, 11, 12, 13, 14, 16, 26, 27, 28, 29, 30, 31, 32, 33, 34, 37, 38, 44, 47, 48, 55, 56, 57, 58, 60, 61, 65, 66, 70, 71, 75, 76, 77, 78, 79, 82, 83, 84, 85, 86, 87, 97, 98, 99, 102, 109, 110, 112, 113, 114, 116, 124, 145, 147, 148, 149, 151, 152, 153, 154, 155, 158, 160, 161, 162], "summary": {"covered_lines": 71, "num_statements": 86, "percent_covered": 82.55813953488372, "percent_covered_display": "83", "missing_lines": 15, "excluded_lines": 0, "percent_statements_covered": 82.55813953488372, "percent_statements_covered_display": "83"}, "missing_lines": [62, 63, 67, 68, 72, 73, 88, 89, 90, 91, 92, 94, 95, 96, 115], "excluded_lines": [], "start_line": 1}}}, "src/drcutils/stats/__init__.py": {"executed_lines": [3, 4, 6], "summary": {"covered_lines": 3, "num_statements": 3, "percent_covered": 100.0, "percent_covered_display": "100", "missing_lines": 0, "excluded_lines": 0, "percent_statements_covered": 100.0, "percent_statements_covered_display": "100"}, "missing_lines": [], "excluded_lines": [], "functions": {"": {"executed_lines": [3, 4, 6], "summary": {"covered_lines": 3, "num_statements": 3, "percent_covered": 100.0, "percent_covered_display": "100", "missing_lines": 0, "excluded_lines": 0, "percent_statements_covered": 100.0, "percent_statements_covered_display": "100"}, "missing_lines": [], "excluded_lines": [], "start_line": 1}}, "classes": {"": {"executed_lines": [3, 4, 6], "summary": {"covered_lines": 3, "num_statements": 3, "percent_covered": 100.0, "percent_covered_display": "100", "missing_lines": 0, "excluded_lines": 0, "percent_statements_covered": 100.0, "percent_statements_covered_display": "100"}, "missing_lines": [], "excluded_lines": [], "start_line": 1}}}, "src/drcutils/stats/nonparametric.py": {"executed_lines": [3, 5, 7, 9, 12, 13, 14, 16, 19, 20, 21, 22, 24, 26, 27, 33, 57, 59, 62, 63, 65, 135, 138, 139, 140, 141, 142, 143, 144, 145, 147, 148, 149, 150, 152, 158, 170, 192, 194, 197, 198, 199, 201, 202, 203, 204, 206, 207, 208, 210, 211, 217, 228, 255, 256, 262, 264, 265, 267, 268, 272, 273, 279, 280, 282, 283, 284, 285, 286, 287, 288, 290, 291, 292, 293, 294, 295, 317, 318, 319, 325, 326], "summary": {"covered_lines": 82, "num_statements": 158, "percent_covered": 51.89873417721519, "percent_covered_display": "52", "missing_lines": 76, "excluded_lines": 0, "percent_statements_covered": 51.89873417721519, "percent_statements_covered_display": "52"}, "missing_lines": [15, 23, 25, 28, 29, 30, 58, 60, 66, 67, 68, 69, 70, 74, 75, 77, 78, 79, 80, 82, 83, 91, 92, 93, 94, 95, 96, 97, 98, 99, 101, 102, 103, 104, 105, 106, 107, 108, 109, 110, 111, 112, 113, 114, 121, 136, 193, 195, 212, 213, 215, 257, 258, 266, 270, 281, 289, 296, 297, 298, 299, 300, 301, 302, 303, 304, 305, 306, 307, 308, 309, 310, 311, 312, 313, 315], "excluded_lines": [], "functions": {"_as_array": {"executed_lines": [13, 14, 16], "summary": {"covered_lines": 3, "num_statements": 4, "percent_covered": 75.0, "percent_covered_display": "75", "missing_lines": 1, "excluded_lines": 0, "percent_statements_covered": 75.0, "percent_statements_covered_display": "75"}, "missing_lines": [15], "excluded_lines": [], "start_line": 12}, "_calc_stat": {"executed_lines": [20, 21, 22, 24, 26, 27], "summary": {"covered_lines": 6, "num_statements": 11, "percent_covered": 54.54545454545455, "percent_covered_display": "55", "missing_lines": 5, "excluded_lines": 0, "percent_statements_covered": 54.54545454545455, "percent_statements_covered_display": "55"}, "missing_lines": [23, 25, 28, 29, 30], "excluded_lines": [], "start_line": 19}, "bootstrap_ci": {"executed_lines": [57, 59, 62, 63, 65, 135, 138, 139, 140, 141, 142, 143, 144, 145, 147, 148, 149, 150, 152, 158], "summary": {"covered_lines": 20, "num_statements": 60, "percent_covered": 33.333333333333336, "percent_covered_display": "33", "missing_lines": 40, "excluded_lines": 0, "percent_statements_covered": 33.333333333333336, "percent_statements_covered_display": "33"}, "missing_lines": [58, 60, 66, 67, 68, 69, 70, 74, 75, 77, 78, 79, 80, 82, 83, 91, 92, 93, 94, 95, 96, 97, 98, 99, 101, 102, 103, 104, 105, 106, 107, 108, 109, 110, 111, 112, 113, 114, 121, 136], "excluded_lines": [], "start_line": 33}, "permutation_test": {"executed_lines": [192, 194, 197, 198, 199, 201, 202, 203, 204, 206, 207, 208, 210, 211, 217], "summary": {"covered_lines": 15, "num_statements": 20, "percent_covered": 75.0, "percent_covered_display": "75", "missing_lines": 5, "excluded_lines": 0, "percent_statements_covered": 75.0, "percent_statements_covered_display": "75"}, "missing_lines": [193, 195, 212, 213, 215], "excluded_lines": [], "start_line": 170}, "rank_tests_one_stop": {"executed_lines": [255, 256, 262, 264, 265, 267, 268, 272, 273, 279, 280, 282, 283, 284, 285, 286, 287, 288, 290, 291, 292, 293, 294, 295, 317, 318, 319, 325, 326], "summary": {"covered_lines": 29, "num_statements": 54, "percent_covered": 53.7037037037037, "percent_covered_display": "54", "missing_lines": 25, "excluded_lines": 0, "percent_statements_covered": 53.7037037037037, "percent_statements_covered_display": "54"}, "missing_lines": [257, 258, 266, 270, 281, 289, 296, 297, 298, 299, 300, 301, 302, 303, 304, 305, 306, 307, 308, 309, 310, 311, 312, 313, 315], "excluded_lines": [], "start_line": 228}, "": {"executed_lines": [3, 5, 7, 9, 12, 19, 33, 170, 228], "summary": {"covered_lines": 9, "num_statements": 9, "percent_covered": 100.0, "percent_covered_display": "100", "missing_lines": 0, "excluded_lines": 0, "percent_statements_covered": 100.0, "percent_statements_covered_display": "100"}, "missing_lines": [], "excluded_lines": [], "start_line": 1}}, "classes": {"": {"executed_lines": [3, 5, 7, 9, 12, 13, 14, 16, 19, 20, 21, 22, 24, 26, 27, 33, 57, 59, 62, 63, 65, 135, 138, 139, 140, 141, 142, 143, 144, 145, 147, 148, 149, 150, 152, 158, 170, 192, 194, 197, 198, 199, 201, 202, 203, 204, 206, 207, 208, 210, 211, 217, 228, 255, 256, 262, 264, 265, 267, 268, 272, 273, 279, 280, 282, 283, 284, 285, 286, 287, 288, 290, 291, 292, 293, 294, 295, 317, 318, 319, 325, 326], "summary": {"covered_lines": 82, "num_statements": 158, "percent_covered": 51.89873417721519, "percent_covered_display": "52", "missing_lines": 76, "excluded_lines": 0, "percent_statements_covered": 51.89873417721519, "percent_statements_covered_display": "52"}, "missing_lines": [15, 23, 25, 28, 29, 30, 58, 60, 66, 67, 68, 69, 70, 74, 75, 77, 78, 79, 80, 82, 83, 91, 92, 93, 94, 95, 96, 97, 98, 99, 101, 102, 103, 104, 105, 106, 107, 108, 109, 110, 111, 112, 113, 114, 121, 136, 193, 195, 212, 213, 215, 257, 258, 266, 270, 281, 289, 296, 297, 298, 299, 300, 301, 302, 303, 304, 305, 306, 307, 308, 309, 310, 311, 312, 313, 315], "excluded_lines": [], "start_line": 1}}}, "src/drcutils/stats/power.py": {"executed_lines": [3, 5, 6, 8, 10, 14, 15, 18, 19, 20, 23, 26, 34, 37, 39, 41, 43, 48, 49, 50, 52, 53, 56, 59, 68, 69, 70, 71, 72, 84, 94, 102, 103, 104, 106, 107, 109, 110, 120, 121, 122, 123, 124, 126, 135, 136, 138, 150, 160, 166, 168, 171, 185, 188, 198, 205, 208, 209, 210, 216, 217, 218, 226, 227, 229, 230, 231, 233], "summary": {"covered_lines": 68, "num_statements": 85, "percent_covered": 80.0, "percent_covered_display": "80", "missing_lines": 17, "excluded_lines": 0, "percent_statements_covered": 80.0, "percent_statements_covered_display": "80"}, "missing_lines": [21, 22, 35, 36, 38, 40, 42, 44, 45, 51, 54, 55, 81, 167, 169, 206, 214], "excluded_lines": [], "functions": {"_load_power_engines": {"executed_lines": [19, 20, 23], "summary": {"covered_lines": 3, "num_statements": 5, "percent_covered": 60.0, "percent_covered_display": "60", "missing_lines": 2, "excluded_lines": 0, "percent_statements_covered": 60.0, "percent_statements_covered_display": "60"}, "missing_lines": [21, 22], "excluded_lines": [], "start_line": 18}, "_validate_common_inputs": {"executed_lines": [34, 37, 39, 41, 43], "summary": {"covered_lines": 5, "num_statements": 12, "percent_covered": 41.666666666666664, "percent_covered_display": "42", "missing_lines": 7, "excluded_lines": 0, "percent_statements_covered": 41.666666666666664, "percent_statements_covered_display": "42"}, "missing_lines": [35, 36, 38, 40, 42, 44, 45], "excluded_lines": [], "start_line": 26}, "_two_sample_allocation_from_n": {"executed_lines": [49, 50, 52, 53, 56], "summary": {"covered_lines": 5, "num_statements": 8, "percent_covered": 62.5, "percent_covered_display": "62", "missing_lines": 3, "excluded_lines": 0, "percent_statements_covered": 62.5, "percent_statements_covered_display": "62"}, "missing_lines": [51, 54, 55], "excluded_lines": [], "start_line": 48}, "_compute_power": {"executed_lines": [68, 69, 70, 71, 72], "summary": {"covered_lines": 5, "num_statements": 6, "percent_covered": 83.33333333333333, "percent_covered_display": "83", "missing_lines": 1, "excluded_lines": 0, "percent_statements_covered": 83.33333333333333, "percent_statements_covered_display": "83"}, "missing_lines": [81], "excluded_lines": [], "start_line": 59}, "estimate_sample_size": {"executed_lines": [94, 102, 103, 104, 106, 107, 109, 110, 120, 121, 122, 123, 124, 126, 135, 136, 138], "summary": {"covered_lines": 17, "num_statements": 17, "percent_covered": 100.0, "percent_covered_display": "100", "missing_lines": 0, "excluded_lines": 0, "percent_statements_covered": 100.0, "percent_statements_covered_display": "100"}, "missing_lines": [], "excluded_lines": [], "start_line": 84}, "power_curve": {"executed_lines": [160, 166, 168, 171, 185], "summary": {"covered_lines": 5, "num_statements": 7, "percent_covered": 71.42857142857143, "percent_covered_display": "71", "missing_lines": 2, "excluded_lines": 0, "percent_statements_covered": 71.42857142857143, "percent_statements_covered_display": "71"}, "missing_lines": [167, 169], "excluded_lines": [], "start_line": 150}, "minimum_detectable_effect": {"executed_lines": [198, 205, 208, 209, 210, 216, 217, 218, 226, 227, 229, 230, 231, 233], "summary": {"covered_lines": 14, "num_statements": 16, "percent_covered": 87.5, "percent_covered_display": "88", "missing_lines": 2, "excluded_lines": 0, "percent_statements_covered": 87.5, "percent_statements_covered_display": "88"}, "missing_lines": [206, 214], "excluded_lines": [], "start_line": 188}, "": {"executed_lines": [3, 5, 6, 8, 10, 14, 15, 18, 26, 48, 59, 84, 150, 188], "summary": {"covered_lines": 14, "num_statements": 14, "percent_covered": 100.0, "percent_covered_display": "100", "missing_lines": 0, "excluded_lines": 0, "percent_statements_covered": 100.0, "percent_statements_covered_display": "100"}, "missing_lines": [], "excluded_lines": [], "start_line": 1}}, "classes": {"": {"executed_lines": [3, 5, 6, 8, 10, 14, 15, 18, 19, 20, 23, 26, 34, 37, 39, 41, 43, 48, 49, 50, 52, 53, 56, 59, 68, 69, 70, 71, 72, 84, 94, 102, 103, 104, 106, 107, 109, 110, 120, 121, 122, 123, 124, 126, 135, 136, 138, 150, 160, 166, 168, 171, 185, 188, 198, 205, 208, 209, 210, 216, 217, 218, 226, 227, 229, 230, 231, 233], "summary": {"covered_lines": 68, "num_statements": 85, "percent_covered": 80.0, "percent_covered_display": "80", "missing_lines": 17, "excluded_lines": 0, "percent_statements_covered": 80.0, "percent_statements_covered_display": "80"}, "missing_lines": [21, 22, 35, 36, 38, 40, 42, 44, 45, 51, 54, 55, 81, 167, 169, 206, 214], "excluded_lines": [], "start_line": 1}}}, "src/drcutils/stats/reporting.py": {"executed_lines": [3, 6, 8, 15, 17, 23, 27, 28, 29, 30, 31], "summary": {"covered_lines": 11, "num_statements": 11, "percent_covered": 100.0, "percent_covered_display": "100", "missing_lines": 0, "excluded_lines": 0, "percent_statements_covered": 100.0, "percent_statements_covered_display": "100"}, "missing_lines": [], "excluded_lines": [], "functions": {"render_ci_text": {"executed_lines": [8], "summary": {"covered_lines": 1, "num_statements": 1, "percent_covered": 100.0, "percent_covered_display": "100", "missing_lines": 0, "excluded_lines": 0, "percent_statements_covered": 100.0, "percent_statements_covered_display": "100"}, "missing_lines": [], "excluded_lines": [], "start_line": 6}, "render_permutation_text": {"executed_lines": [17], "summary": {"covered_lines": 1, "num_statements": 1, "percent_covered": 100.0, "percent_covered_display": "100", "missing_lines": 0, "excluded_lines": 0, "percent_statements_covered": 100.0, "percent_statements_covered_display": "100"}, "missing_lines": [], "excluded_lines": [], "start_line": 15}, "render_np_test_text": {"executed_lines": [27, 28, 29, 30, 31], "summary": {"covered_lines": 5, "num_statements": 5, "percent_covered": 100.0, "percent_covered_display": "100", "missing_lines": 0, "excluded_lines": 0, "percent_statements_covered": 100.0, "percent_statements_covered_display": "100"}, "missing_lines": [], "excluded_lines": [], "start_line": 23}, "": {"executed_lines": [3, 6, 15, 23], "summary": {"covered_lines": 4, "num_statements": 4, "percent_covered": 100.0, "percent_covered_display": "100", "missing_lines": 0, "excluded_lines": 0, "percent_statements_covered": 100.0, "percent_statements_covered_display": "100"}, "missing_lines": [], "excluded_lines": [], "start_line": 1}}, "classes": {"": {"executed_lines": [3, 6, 8, 15, 17, 23, 27, 28, 29, 30, 31], "summary": {"covered_lines": 11, "num_statements": 11, "percent_covered": 100.0, "percent_covered_display": "100", "missing_lines": 0, "excluded_lines": 0, "percent_statements_covered": 100.0, "percent_statements_covered_display": "100"}, "missing_lines": [], "excluded_lines": [], "start_line": 1}}}, "src/drcutils/viz/__init__.py": {"executed_lines": [3, 4, 5, 7], "summary": {"covered_lines": 4, "num_statements": 4, "percent_covered": 100.0, "percent_covered_display": "100", "missing_lines": 0, "excluded_lines": 0, "percent_statements_covered": 100.0, "percent_statements_covered_display": "100"}, "missing_lines": [], "excluded_lines": [], "functions": {"": {"executed_lines": [3, 4, 5, 7], "summary": {"covered_lines": 4, "num_statements": 4, "percent_covered": 100.0, "percent_covered_display": "100", "missing_lines": 0, "excluded_lines": 0, "percent_statements_covered": 100.0, "percent_statements_covered_display": "100"}, "missing_lines": [], "excluded_lines": [], "start_line": 1}}, "classes": {"": {"executed_lines": [3, 4, 5, 7], "summary": {"covered_lines": 4, "num_statements": 4, "percent_covered": 100.0, "percent_covered_display": "100", "missing_lines": 0, "excluded_lines": 0, "percent_statements_covered": 100.0, "percent_statements_covered_display": "100"}, "missing_lines": [], "excluded_lines": [], "start_line": 1}}}, "src/drcutils/viz/cad.py": {"executed_lines": [3, 5, 7, 8, 11], "summary": {"covered_lines": 5, "num_statements": 24, "percent_covered": 20.833333333333332, "percent_covered_display": "21", "missing_lines": 19, "excluded_lines": 0, "percent_statements_covered": 20.833333333333332, "percent_statements_covered_display": "21"}, "missing_lines": [24, 25, 26, 27, 28, 29, 33, 34, 35, 36, 37, 38, 39, 40, 42, 54, 60, 61, 71], "excluded_lines": [], "functions": {"visualize_stl": {"executed_lines": [], "summary": {"covered_lines": 0, "num_statements": 19, "percent_covered": 0.0, "percent_covered_display": "0", "missing_lines": 19, "excluded_lines": 0, "percent_statements_covered": 0.0, "percent_statements_covered_display": "0"}, "missing_lines": [24, 25, 26, 27, 28, 29, 33, 34, 35, 36, 37, 38, 39, 40, 42, 54, 60, 61, 71], "excluded_lines": [], "start_line": 11}, "": {"executed_lines": [3, 5, 7, 8, 11], "summary": {"covered_lines": 5, "num_statements": 5, "percent_covered": 100.0, "percent_covered_display": "100", "missing_lines": 0, "excluded_lines": 0, "percent_statements_covered": 100.0, "percent_statements_covered_display": "100"}, "missing_lines": [], "excluded_lines": [], "start_line": 1}}, "classes": {"": {"executed_lines": [3, 5, 7, 8, 11], "summary": {"covered_lines": 5, "num_statements": 24, "percent_covered": 20.833333333333332, "percent_covered_display": "21", "missing_lines": 19, "excluded_lines": 0, "percent_statements_covered": 20.833333333333332, "percent_statements_covered_display": "21"}, "missing_lines": [24, 25, 26, 27, 28, 29, 33, 34, 35, 36, 37, 38, 39, 40, 42, 54, 60, 61, 71], "excluded_lines": [], "start_line": 1}}}, "src/drcutils/viz/ml.py": {"executed_lines": [3, 5, 7, 8, 9, 11, 14, 25, 26, 27, 28, 44, 60], "summary": {"covered_lines": 13, "num_statements": 13, "percent_covered": 100.0, "percent_covered_display": "100", "missing_lines": 0, "excluded_lines": 0, "percent_statements_covered": 100.0, "percent_statements_covered_display": "100"}, "missing_lines": [], "excluded_lines": [], "functions": {"visualize_network": {"executed_lines": [25, 26, 27, 28, 44, 60], "summary": {"covered_lines": 6, "num_statements": 6, "percent_covered": 100.0, "percent_covered_display": "100", "missing_lines": 0, "excluded_lines": 0, "percent_statements_covered": 100.0, "percent_statements_covered_display": "100"}, "missing_lines": [], "excluded_lines": [], "start_line": 14}, "": {"executed_lines": [3, 5, 7, 8, 9, 11, 14], "summary": {"covered_lines": 7, "num_statements": 7, "percent_covered": 100.0, "percent_covered_display": "100", "missing_lines": 0, "excluded_lines": 0, "percent_statements_covered": 100.0, "percent_statements_covered_display": "100"}, "missing_lines": [], "excluded_lines": [], "start_line": 1}}, "classes": {"": {"executed_lines": [3, 5, 7, 8, 9, 11, 14, 25, 26, 27, 28, 44, 60], "summary": {"covered_lines": 13, "num_statements": 13, "percent_covered": 100.0, "percent_covered_display": "100", "missing_lines": 0, "excluded_lines": 0, "percent_statements_covered": 100.0, "percent_statements_covered_display": "100"}, "missing_lines": [], "excluded_lines": [], "start_line": 1}}}, "src/drcutils/viz/paper_figures.py": {"executed_lines": [3, 5, 6, 7, 9, 10, 12, 19, 31, 34, 37, 38, 44, 45, 46, 47, 48, 49, 51, 52, 53, 54, 57, 59, 61, 64, 69, 70, 71, 73, 76, 77, 78, 79, 80, 81, 83, 84, 85, 86, 90, 93, 125, 126, 128, 129, 131, 132, 133, 135, 136, 137, 138, 139, 140, 144, 147, 148, 155, 156, 157, 158, 163, 164, 165, 166, 167, 168, 170], "summary": {"covered_lines": 69, "num_statements": 78, "percent_covered": 88.46153846153847, "percent_covered_display": "88", "missing_lines": 9, "excluded_lines": 0, "percent_statements_covered": 88.46153846153847, "percent_statements_covered_display": "88"}, "missing_lines": [32, 33, 50, 65, 72, 74, 82, 87, 88], "excluded_lines": [], "functions": {"get_figure_preset": {"executed_lines": [31, 34], "summary": {"covered_lines": 2, "num_statements": 4, "percent_covered": 50.0, "percent_covered_display": "50", "missing_lines": 2, "excluded_lines": 0, "percent_statements_covered": 50.0, "percent_statements_covered_display": "50"}, "missing_lines": [32, 33], "excluded_lines": [], "start_line": 19}, "_style_context": {"executed_lines": [44, 45, 46, 47, 48, 49, 51, 52, 53, 54], "summary": {"covered_lines": 10, "num_statements": 11, "percent_covered": 90.9090909090909, "percent_covered_display": "91", "missing_lines": 1, "excluded_lines": 0, "percent_statements_covered": 90.9090909090909, "percent_statements_covered_display": "91"}, "missing_lines": [50], "excluded_lines": [], "start_line": 38}, "_audit_figure": {"executed_lines": [59, 61, 64, 69, 70, 71, 73, 76, 77, 78, 79, 80, 81, 83, 84, 85, 86, 90], "summary": {"covered_lines": 18, "num_statements": 24, "percent_covered": 75.0, "percent_covered_display": "75", "missing_lines": 6, "excluded_lines": 0, "percent_statements_covered": 75.0, "percent_statements_covered_display": "75"}, "missing_lines": [65, 72, 74, 82, 87, 88], "excluded_lines": [], "start_line": 57}, "export_figure": {"executed_lines": [125, 126, 128, 129, 131, 132, 133, 135, 136, 137, 138, 139, 140, 144, 147, 148, 155, 156, 157, 158, 163, 164, 165, 166, 167, 168, 170], "summary": {"covered_lines": 27, "num_statements": 27, "percent_covered": 100.0, "percent_covered_display": "100", "missing_lines": 0, "excluded_lines": 0, "percent_statements_covered": 100.0, "percent_statements_covered_display": "100"}, "missing_lines": [], "excluded_lines": [], "start_line": 93}, "": {"executed_lines": [3, 5, 6, 7, 9, 10, 12, 19, 37, 38, 57, 93], "summary": {"covered_lines": 12, "num_statements": 12, "percent_covered": 100.0, "percent_covered_display": "100", "missing_lines": 0, "excluded_lines": 0, "percent_statements_covered": 100.0, "percent_statements_covered_display": "100"}, "missing_lines": [], "excluded_lines": [], "start_line": 1}}, "classes": {"": {"executed_lines": [3, 5, 6, 7, 9, 10, 12, 19, 31, 34, 37, 38, 44, 45, 46, 47, 48, 49, 51, 52, 53, 54, 57, 59, 61, 64, 69, 70, 71, 73, 76, 77, 78, 79, 80, 81, 83, 84, 85, 86, 90, 93, 125, 126, 128, 129, 131, 132, 133, 135, 136, 137, 138, 139, 140, 144, 147, 148, 155, 156, 157, 158, 163, 164, 165, 166, 167, 168, 170], "summary": {"covered_lines": 69, "num_statements": 78, "percent_covered": 88.46153846153847, "percent_covered_display": "88", "missing_lines": 9, "excluded_lines": 0, "percent_statements_covered": 88.46153846153847, "percent_statements_covered_display": "88"}, "missing_lines": [32, 33, 50, 65, 72, 74, 82, 87, 88], "excluded_lines": [], "start_line": 1}}}}, "totals": {"covered_lines": 929, "num_statements": 1279, "percent_covered": 72.63487099296326, "percent_covered_display": "73", "missing_lines": 350, "excluded_lines": 0, "percent_statements_covered": 72.63487099296326, "percent_statements_covered_display": "73"}}